000 (1488885.000.000) 12/24 20:49:46 Job submitted from host: <128.83.130.186:52181>
...
000 (1488885.001.000) 12/24 20:49:46 Job submitted from host: <128.83.130.186:52181>
...
000 (1488885.002.000) 12/24 20:49:46 Job submitted from host: <128.83.130.186:52181>
...
000 (1488885.003.000) 12/24 20:49:46 Job submitted from host: <128.83.130.186:52181>
...
000 (1488885.004.000) 12/24 20:49:46 Job submitted from host: <128.83.130.186:52181>
...
000 (1488885.005.000) 12/24 20:49:46 Job submitted from host: <128.83.130.186:52181>
...
000 (1488885.006.000) 12/24 20:49:46 Job submitted from host: <128.83.130.186:52181>
...
000 (1488885.007.000) 12/24 20:49:46 Job submitted from host: <128.83.130.186:52181>
...
000 (1488885.008.000) 12/24 20:49:46 Job submitted from host: <128.83.130.186:52181>
...
000 (1488885.009.000) 12/24 20:49:46 Job submitted from host: <128.83.130.186:52181>
...
000 (1488885.010.000) 12/24 20:49:46 Job submitted from host: <128.83.130.186:52181>
...
000 (1488885.011.000) 12/24 20:49:46 Job submitted from host: <128.83.130.186:52181>
...
000 (1488885.012.000) 12/24 20:49:46 Job submitted from host: <128.83.130.186:52181>
...
000 (1488885.013.000) 12/24 20:49:46 Job submitted from host: <128.83.130.186:52181>
...
000 (1488885.014.000) 12/24 20:49:46 Job submitted from host: <128.83.130.186:52181>
...
000 (1488885.015.000) 12/24 20:49:46 Job submitted from host: <128.83.130.186:52181>
...
000 (1488885.016.000) 12/24 20:49:46 Job submitted from host: <128.83.130.186:52181>
...
000 (1488885.017.000) 12/24 20:49:46 Job submitted from host: <128.83.130.186:52181>
...
000 (1488885.018.000) 12/24 20:49:46 Job submitted from host: <128.83.130.186:52181>
...
000 (1488885.019.000) 12/24 20:49:46 Job submitted from host: <128.83.130.186:52181>
...
000 (1488885.020.000) 12/24 20:49:46 Job submitted from host: <128.83.130.186:52181>
...
000 (1488885.021.000) 12/24 20:49:46 Job submitted from host: <128.83.130.186:52181>
...
000 (1488885.022.000) 12/24 20:49:46 Job submitted from host: <128.83.130.186:52181>
...
000 (1488885.023.000) 12/24 20:49:46 Job submitted from host: <128.83.130.186:52181>
...
000 (1488885.024.000) 12/24 20:49:46 Job submitted from host: <128.83.130.186:52181>
...
000 (1488885.025.000) 12/24 20:49:46 Job submitted from host: <128.83.130.186:52181>
...
000 (1488885.026.000) 12/24 20:49:46 Job submitted from host: <128.83.130.186:52181>
...
000 (1488885.027.000) 12/24 20:49:46 Job submitted from host: <128.83.130.186:52181>
...
000 (1488885.028.000) 12/24 20:49:46 Job submitted from host: <128.83.130.186:52181>
...
000 (1488885.029.000) 12/24 20:49:46 Job submitted from host: <128.83.130.186:52181>
...
000 (1488885.030.000) 12/24 20:49:46 Job submitted from host: <128.83.130.186:52181>
...
000 (1488885.031.000) 12/24 20:49:46 Job submitted from host: <128.83.130.186:52181>
...
000 (1488885.032.000) 12/24 20:49:46 Job submitted from host: <128.83.130.186:52181>
...
000 (1488885.033.000) 12/24 20:49:46 Job submitted from host: <128.83.130.186:52181>
...
000 (1488885.034.000) 12/24 20:49:46 Job submitted from host: <128.83.130.186:52181>
...
000 (1488885.035.000) 12/24 20:49:46 Job submitted from host: <128.83.130.186:52181>
...
000 (1488885.036.000) 12/24 20:49:46 Job submitted from host: <128.83.130.186:52181>
...
000 (1488885.037.000) 12/24 20:49:46 Job submitted from host: <128.83.130.186:52181>
...
000 (1488885.038.000) 12/24 20:49:46 Job submitted from host: <128.83.130.186:52181>
...
000 (1488885.039.000) 12/24 20:49:46 Job submitted from host: <128.83.130.186:52181>
...
000 (1488885.040.000) 12/24 20:49:46 Job submitted from host: <128.83.130.186:52181>
...
000 (1488885.041.000) 12/24 20:49:46 Job submitted from host: <128.83.130.186:52181>
...
000 (1488885.042.000) 12/24 20:49:46 Job submitted from host: <128.83.130.186:52181>
...
000 (1488885.043.000) 12/24 20:49:46 Job submitted from host: <128.83.130.186:52181>
...
000 (1488885.044.000) 12/24 20:49:46 Job submitted from host: <128.83.130.186:52181>
...
000 (1488885.045.000) 12/24 20:49:46 Job submitted from host: <128.83.130.186:52181>
...
000 (1488885.046.000) 12/24 20:49:46 Job submitted from host: <128.83.130.186:52181>
...
000 (1488885.047.000) 12/24 20:49:46 Job submitted from host: <128.83.130.186:52181>
...
000 (1488885.048.000) 12/24 20:49:46 Job submitted from host: <128.83.130.186:52181>
...
000 (1488885.049.000) 12/24 20:49:46 Job submitted from host: <128.83.130.186:52181>
...
001 (1488885.000.000) 12/24 20:50:05 Job executing on host: <128.83.139.192:60051>
...
001 (1488885.001.000) 12/24 20:50:05 Job executing on host: <128.83.139.192:60051>
...
001 (1488885.002.000) 12/24 20:50:05 Job executing on host: <128.83.139.192:60051>
...
001 (1488885.004.000) 12/24 20:50:05 Job executing on host: <128.83.139.192:60051>
...
001 (1488885.003.000) 12/24 20:50:05 Job executing on host: <128.83.139.192:60051>
...
001 (1488885.006.000) 12/24 20:50:05 Job executing on host: <128.83.139.234:43467>
...
001 (1488885.007.000) 12/24 20:50:05 Job executing on host: <128.83.139.234:43467>
...
001 (1488885.005.000) 12/24 20:50:05 Job executing on host: <128.83.139.192:60051>
...
001 (1488885.008.000) 12/24 20:50:05 Job executing on host: <128.83.139.234:43467>
...
001 (1488885.010.000) 12/24 20:50:05 Job executing on host: <128.83.139.234:43467>
...
001 (1488885.011.000) 12/24 20:50:05 Job executing on host: <128.83.139.234:43467>
...
001 (1488885.009.000) 12/24 20:50:05 Job executing on host: <128.83.139.234:43467>
...
001 (1488885.012.000) 12/24 20:50:05 Job executing on host: <128.83.130.58:55770>
...
001 (1488885.014.000) 12/24 20:50:05 Job executing on host: <128.83.139.203:33415>
...
001 (1488885.013.000) 12/24 20:50:05 Job executing on host: <128.83.139.203:33415>
...
001 (1488885.016.000) 12/24 20:50:05 Job executing on host: <128.83.139.203:33415>
...
001 (1488885.015.000) 12/24 20:50:05 Job executing on host: <128.83.139.203:33415>
...
001 (1488885.017.000) 12/24 20:50:05 Job executing on host: <128.83.139.189:46671>
...
001 (1488885.018.000) 12/24 20:50:05 Job executing on host: <128.83.139.189:46671>
...
001 (1488885.020.000) 12/24 20:50:05 Job executing on host: <128.83.139.214:44344>
...
001 (1488885.022.000) 12/24 20:50:05 Job executing on host: <128.83.139.214:44344>
...
001 (1488885.021.000) 12/24 20:50:05 Job executing on host: <128.83.139.214:44344>
...
001 (1488885.019.000) 12/24 20:50:05 Job executing on host: <128.83.130.233:48047>
...
001 (1488885.024.000) 12/24 20:50:05 Job executing on host: <128.83.139.185:37132>
...
001 (1488885.027.000) 12/24 20:50:05 Job executing on host: <128.83.139.185:37132>
...
001 (1488885.023.000) 12/24 20:50:05 Job executing on host: <128.83.139.185:37132>
...
001 (1488885.025.000) 12/24 20:50:05 Job executing on host: <128.83.139.185:37132>
...
001 (1488885.031.000) 12/24 20:50:05 Job executing on host: <128.83.139.174:53951>
...
001 (1488885.032.000) 12/24 20:50:05 Job executing on host: <128.83.139.174:53951>
...
001 (1488885.028.000) 12/24 20:50:05 Job executing on host: <128.83.139.185:37132>
...
001 (1488885.034.000) 12/24 20:50:05 Job executing on host: <128.83.139.174:53951>
...
001 (1488885.029.000) 12/24 20:50:05 Job executing on host: <128.83.139.185:37132>
...
001 (1488885.030.000) 12/24 20:50:06 Job executing on host: <128.83.139.185:37132>
...
001 (1488885.035.000) 12/24 20:50:06 Job executing on host: <128.83.139.174:53951>
...
001 (1488885.026.000) 12/24 20:50:06 Job executing on host: <128.83.139.185:37132>
...
001 (1488885.033.000) 12/24 20:50:06 Job executing on host: <128.83.139.174:53951>
...
001 (1488885.038.000) 12/24 20:50:06 Job executing on host: <128.83.139.244:58037>
...
001 (1488885.036.000) 12/24 20:50:06 Job executing on host: <128.83.139.244:58037>
...
001 (1488885.037.000) 12/24 20:50:06 Job executing on host: <128.83.139.244:58037>
...
001 (1488885.040.000) 12/24 20:50:06 Job executing on host: <128.83.139.244:58037>
...
001 (1488885.041.000) 12/24 20:50:06 Job executing on host: <128.83.139.244:58037>
...
001 (1488885.042.000) 12/24 20:50:06 Job executing on host: <128.83.139.244:58037>
...
001 (1488885.043.000) 12/24 20:50:06 Job executing on host: <128.83.139.244:58037>
...
001 (1488885.039.000) 12/24 20:50:06 Job executing on host: <128.83.139.244:58037>
...
001 (1488885.044.000) 12/24 20:50:06 Job executing on host: <128.83.139.240:41917>
...
001 (1488885.045.000) 12/24 20:50:06 Job executing on host: <128.83.139.240:41917>
...
001 (1488885.046.000) 12/24 20:50:06 Job executing on host: <128.83.139.240:41917>
...
001 (1488885.047.000) 12/24 20:50:06 Job executing on host: <128.83.139.240:41917>
...
001 (1488885.048.000) 12/24 20:50:06 Job executing on host: <128.83.139.175:39127>
...
001 (1488885.049.000) 12/24 20:50:06 Job executing on host: <128.83.139.181:49218>
...
006 (1488885.000.000) 12/24 20:50:13 Image size of job updated: 759768
	594  -  MemoryUsage of job (MB)
	607472  -  ResidentSetSize of job (KB)
...
006 (1488885.001.000) 12/24 20:50:13 Image size of job updated: 792208
	625  -  MemoryUsage of job (MB)
	639944  -  ResidentSetSize of job (KB)
...
006 (1488885.002.000) 12/24 20:50:13 Image size of job updated: 785720
	618  -  MemoryUsage of job (MB)
	632020  -  ResidentSetSize of job (KB)
...
006 (1488885.003.000) 12/24 20:50:13 Image size of job updated: 785720
	619  -  MemoryUsage of job (MB)
	633088  -  ResidentSetSize of job (KB)
...
006 (1488885.004.000) 12/24 20:50:13 Image size of job updated: 772744
	606  -  MemoryUsage of job (MB)
	620408  -  ResidentSetSize of job (KB)
...
006 (1488885.007.000) 12/24 20:50:13 Image size of job updated: 617032
	454  -  MemoryUsage of job (MB)
	464124  -  ResidentSetSize of job (KB)
...
006 (1488885.006.000) 12/24 20:50:13 Image size of job updated: 636496
	470  -  MemoryUsage of job (MB)
	480488  -  ResidentSetSize of job (KB)
...
006 (1488885.005.000) 12/24 20:50:13 Image size of job updated: 772744
	606  -  MemoryUsage of job (MB)
	620152  -  ResidentSetSize of job (KB)
...
006 (1488885.008.000) 12/24 20:50:13 Image size of job updated: 610544
	444  -  MemoryUsage of job (MB)
	453828  -  ResidentSetSize of job (KB)
...
006 (1488885.030.000) 12/24 20:50:14 Image size of job updated: 90848
	3  -  MemoryUsage of job (MB)
	2656  -  ResidentSetSize of job (KB)
...
006 (1488885.035.000) 12/24 20:50:14 Image size of job updated: 617032
	454  -  MemoryUsage of job (MB)
	464120  -  ResidentSetSize of job (KB)
...
006 (1488885.026.000) 12/24 20:50:14 Image size of job updated: 225
	3  -  MemoryUsage of job (MB)
	2192  -  ResidentSetSize of job (KB)
...
006 (1488885.033.000) 12/24 20:50:14 Image size of job updated: 617032
	453  -  MemoryUsage of job (MB)
	463064  -  ResidentSetSize of job (KB)
...
006 (1488885.038.000) 12/24 20:50:14 Image size of job updated: 105692
	3  -  MemoryUsage of job (MB)
	2616  -  ResidentSetSize of job (KB)
...
006 (1488885.037.000) 12/24 20:50:14 Image size of job updated: 105696
	3  -  MemoryUsage of job (MB)
	2772  -  ResidentSetSize of job (KB)
...
006 (1488885.036.000) 12/24 20:50:14 Image size of job updated: 105696
	3  -  MemoryUsage of job (MB)
	2652  -  ResidentSetSize of job (KB)
...
006 (1488885.041.000) 12/24 20:50:14 Image size of job updated: 90848
	3  -  MemoryUsage of job (MB)
	2620  -  ResidentSetSize of job (KB)
...
006 (1488885.040.000) 12/24 20:50:14 Image size of job updated: 105692
	3  -  MemoryUsage of job (MB)
	2852  -  ResidentSetSize of job (KB)
...
006 (1488885.042.000) 12/24 20:50:14 Image size of job updated: 90848
	3  -  MemoryUsage of job (MB)
	2656  -  ResidentSetSize of job (KB)
...
006 (1488885.043.000) 12/24 20:50:14 Image size of job updated: 25312
	3  -  MemoryUsage of job (MB)
	2632  -  ResidentSetSize of job (KB)
...
006 (1488885.039.000) 12/24 20:50:14 Image size of job updated: 225
	3  -  MemoryUsage of job (MB)
	2192  -  ResidentSetSize of job (KB)
...
006 (1488885.046.000) 12/24 20:50:14 Image size of job updated: 714352
	549  -  MemoryUsage of job (MB)
	562064  -  ResidentSetSize of job (KB)
...
006 (1488885.044.000) 12/24 20:50:14 Image size of job updated: 688400
	524  -  MemoryUsage of job (MB)
	535920  -  ResidentSetSize of job (KB)
...
006 (1488885.045.000) 12/24 20:50:14 Image size of job updated: 681912
	517  -  MemoryUsage of job (MB)
	529332  -  ResidentSetSize of job (KB)
...
006 (1488885.048.000) 12/24 20:50:14 Image size of job updated: 480784
	324  -  MemoryUsage of job (MB)
	330872  -  ResidentSetSize of job (KB)
...
006 (1488885.047.000) 12/24 20:50:14 Image size of job updated: 720840
	556  -  MemoryUsage of job (MB)
	568372  -  ResidentSetSize of job (KB)
...
006 (1488885.010.000) 12/24 20:50:14 Image size of job updated: 617032
	454  -  MemoryUsage of job (MB)
	464124  -  ResidentSetSize of job (KB)
...
006 (1488885.011.000) 12/24 20:50:14 Image size of job updated: 604056
	441  -  MemoryUsage of job (MB)
	451192  -  ResidentSetSize of job (KB)
...
006 (1488885.009.000) 12/24 20:50:14 Image size of job updated: 617032
	454  -  MemoryUsage of job (MB)
	464124  -  ResidentSetSize of job (KB)
...
006 (1488885.012.000) 12/24 20:50:14 Image size of job updated: 225
	3  -  MemoryUsage of job (MB)
	2188  -  ResidentSetSize of job (KB)
...
006 (1488885.013.000) 12/24 20:50:14 Image size of job updated: 733816
	568  -  MemoryUsage of job (MB)
	581332  -  ResidentSetSize of job (KB)
...
006 (1488885.014.000) 12/24 20:50:14 Image size of job updated: 753280
	584  -  MemoryUsage of job (MB)
	597708  -  ResidentSetSize of job (KB)
...
006 (1488885.015.000) 12/24 20:50:14 Image size of job updated: 727328
	557  -  MemoryUsage of job (MB)
	570248  -  ResidentSetSize of job (KB)
...
006 (1488885.016.000) 12/24 20:50:14 Image size of job updated: 714352
	549  -  MemoryUsage of job (MB)
	562060  -  ResidentSetSize of job (KB)
...
006 (1488885.018.000) 12/24 20:50:14 Image size of job updated: 753280
	587  -  MemoryUsage of job (MB)
	600872  -  ResidentSetSize of job (KB)
...
006 (1488885.017.000) 12/24 20:50:14 Image size of job updated: 759768
	594  -  MemoryUsage of job (MB)
	607472  -  ResidentSetSize of job (KB)
...
006 (1488885.022.000) 12/24 20:50:14 Image size of job updated: 467808
	303  -  MemoryUsage of job (MB)
	309684  -  ResidentSetSize of job (KB)
...
006 (1488885.021.000) 12/24 20:50:14 Image size of job updated: 435368
	275  -  MemoryUsage of job (MB)
	281436  -  ResidentSetSize of job (KB)
...
006 (1488885.020.000) 12/24 20:50:14 Image size of job updated: 461320
	299  -  MemoryUsage of job (MB)
	305992  -  ResidentSetSize of job (KB)
...
006 (1488885.019.000) 12/24 20:50:14 Image size of job updated: 759768
	588  -  MemoryUsage of job (MB)
	601928  -  ResidentSetSize of job (KB)
...
006 (1488885.025.000) 12/24 20:50:14 Image size of job updated: 90848
	3  -  MemoryUsage of job (MB)
	2776  -  ResidentSetSize of job (KB)
...
006 (1488885.023.000) 12/24 20:50:14 Image size of job updated: 105696
	3  -  MemoryUsage of job (MB)
	2656  -  ResidentSetSize of job (KB)
...
006 (1488885.027.000) 12/24 20:50:14 Image size of job updated: 105692
	3  -  MemoryUsage of job (MB)
	2812  -  ResidentSetSize of job (KB)
...
006 (1488885.024.000) 12/24 20:50:14 Image size of job updated: 105696
	3  -  MemoryUsage of job (MB)
	2612  -  ResidentSetSize of job (KB)
...
006 (1488885.032.000) 12/24 20:50:14 Image size of job updated: 623520
	460  -  MemoryUsage of job (MB)
	470724  -  ResidentSetSize of job (KB)
...
006 (1488885.031.000) 12/24 20:50:14 Image size of job updated: 623520
	460  -  MemoryUsage of job (MB)
	470720  -  ResidentSetSize of job (KB)
...
006 (1488885.028.000) 12/24 20:50:14 Image size of job updated: 90848
	3  -  MemoryUsage of job (MB)
	2616  -  ResidentSetSize of job (KB)
...
006 (1488885.029.000) 12/24 20:50:14 Image size of job updated: 90848
	3  -  MemoryUsage of job (MB)
	2656  -  ResidentSetSize of job (KB)
...
006 (1488885.034.000) 12/24 20:50:14 Image size of job updated: 649472
	483  -  MemoryUsage of job (MB)
	493696  -  ResidentSetSize of job (KB)
...
006 (1488885.049.000) 12/24 20:50:15 Image size of job updated: 105696
	3  -  MemoryUsage of job (MB)
	2644  -  ResidentSetSize of job (KB)
...
006 (1488885.038.000) 12/24 20:52:15 Image size of job updated: 1008756
	3  -  MemoryUsage of job (MB)
	2616  -  ResidentSetSize of job (KB)
...
005 (1488885.038.000) 12/24 20:52:15 Job terminated.
	(1) Normal termination (return value 0)
		Usr 0 00:01:35, Sys 0 00:00:24  -  Run Remote Usage
		Usr 0 00:00:00, Sys 0 00:00:00  -  Run Local Usage
		Usr 0 00:01:35, Sys 0 00:00:24  -  Total Remote Usage
		Usr 0 00:00:00, Sys 0 00:00:00  -  Total Local Usage
	0  -  Run Bytes Sent By Job
	0  -  Run Bytes Received By Job
	0  -  Total Bytes Sent By Job
	0  -  Total Bytes Received By Job
	Partitionable Resources :    Usage  Request          
	   Cpus                 :                 1          
	   Disk (KB)            :      225      225          
	   Memory (MB)          :        3        3          
...
006 (1488885.019.000) 12/24 20:52:28 Image size of job updated: 1008708
	588  -  MemoryUsage of job (MB)
	601928  -  ResidentSetSize of job (KB)
...
005 (1488885.019.000) 12/24 20:52:28 Job terminated.
	(1) Normal termination (return value 0)
		Usr 0 00:01:37, Sys 0 00:00:31  -  Run Remote Usage
		Usr 0 00:00:00, Sys 0 00:00:00  -  Run Local Usage
		Usr 0 00:01:37, Sys 0 00:00:31  -  Total Remote Usage
		Usr 0 00:00:00, Sys 0 00:00:00  -  Total Local Usage
	0  -  Run Bytes Sent By Job
	0  -  Run Bytes Received By Job
	0  -  Total Bytes Sent By Job
	0  -  Total Bytes Received By Job
	Partitionable Resources :    Usage  Request          
	   Cpus                 :                 1          
	   Disk (KB)            :      225      225          
	   Memory (MB)          :      588      588          
...
006 (1488885.006.000) 12/24 20:52:39 Image size of job updated: 1401940
	470  -  MemoryUsage of job (MB)
	480488  -  ResidentSetSize of job (KB)
...
005 (1488885.006.000) 12/24 20:52:39 Job terminated.
	(1) Normal termination (return value 0)
		Usr 0 00:02:03, Sys 0 00:00:32  -  Run Remote Usage
		Usr 0 00:00:00, Sys 0 00:00:00  -  Run Local Usage
		Usr 0 00:02:03, Sys 0 00:00:32  -  Total Remote Usage
		Usr 0 00:00:00, Sys 0 00:00:00  -  Total Local Usage
	0  -  Run Bytes Sent By Job
	0  -  Run Bytes Received By Job
	0  -  Total Bytes Sent By Job
	0  -  Total Bytes Received By Job
	Partitionable Resources :    Usage  Request          
	   Cpus                 :                 1          
	   Disk (KB)            :      225      225          
	   Memory (MB)          :      470      470          
...
006 (1488885.043.000) 12/24 20:52:42 Image size of job updated: 1074252
	3  -  MemoryUsage of job (MB)
	2632  -  ResidentSetSize of job (KB)
...
005 (1488885.043.000) 12/24 20:52:42 Job terminated.
	(1) Normal termination (return value 0)
		Usr 0 00:01:56, Sys 0 00:00:37  -  Run Remote Usage
		Usr 0 00:00:00, Sys 0 00:00:00  -  Run Local Usage
		Usr 0 00:01:56, Sys 0 00:00:37  -  Total Remote Usage
		Usr 0 00:00:00, Sys 0 00:00:00  -  Total Local Usage
	0  -  Run Bytes Sent By Job
	0  -  Run Bytes Received By Job
	0  -  Total Bytes Sent By Job
	0  -  Total Bytes Received By Job
	Partitionable Resources :    Usage  Request          
	   Cpus                 :                 1          
	   Disk (KB)            :      225      225          
	   Memory (MB)          :        3        3          
...
006 (1488885.025.000) 12/24 20:52:57 Image size of job updated: 1270896
	3  -  MemoryUsage of job (MB)
	2776  -  ResidentSetSize of job (KB)
...
005 (1488885.025.000) 12/24 20:52:57 Job terminated.
	(1) Normal termination (return value 0)
		Usr 0 00:02:20, Sys 0 00:00:25  -  Run Remote Usage
		Usr 0 00:00:00, Sys 0 00:00:00  -  Run Local Usage
		Usr 0 00:02:20, Sys 0 00:00:25  -  Total Remote Usage
		Usr 0 00:00:00, Sys 0 00:00:00  -  Total Local Usage
	0  -  Run Bytes Sent By Job
	0  -  Run Bytes Received By Job
	0  -  Total Bytes Sent By Job
	0  -  Total Bytes Received By Job
	Partitionable Resources :    Usage  Request          
	   Cpus                 :                 1          
	   Disk (KB)            :      225      225          
	   Memory (MB)          :        3        3          
...
006 (1488885.036.000) 12/24 20:52:59 Image size of job updated: 1205356
	3  -  MemoryUsage of job (MB)
	2652  -  ResidentSetSize of job (KB)
...
004 (1488885.036.000) 12/24 20:52:59 Job was evicted.
	(0) Job was not checkpointed.
		Usr 0 00:02:13, Sys 0 00:00:35  -  Run Remote Usage
		Usr 0 00:00:00, Sys 0 00:00:00  -  Run Local Usage
	0  -  Run Bytes Sent By Job
	0  -  Run Bytes Received By Job
	Partitionable Resources :    Usage  Request          
	   Cpus                 :                 1          
	   Disk (KB)            :      225      225          
	   Memory (MB)          :        3        3          
...
006 (1488885.048.000) 12/24 20:53:00 Image size of job updated: 1467480
	324  -  MemoryUsage of job (MB)
	330872  -  ResidentSetSize of job (KB)
...
005 (1488885.048.000) 12/24 20:53:00 Job terminated.
	(1) Normal termination (return value 0)
		Usr 0 00:03:07, Sys 0 00:01:30  -  Run Remote Usage
		Usr 0 00:00:00, Sys 0 00:00:00  -  Run Local Usage
		Usr 0 00:03:07, Sys 0 00:01:30  -  Total Remote Usage
		Usr 0 00:00:00, Sys 0 00:00:00  -  Total Local Usage
	0  -  Run Bytes Sent By Job
	0  -  Run Bytes Received By Job
	0  -  Total Bytes Sent By Job
	0  -  Total Bytes Received By Job
	Partitionable Resources :    Usage  Request          
	   Cpus                 :                 1          
	   Disk (KB)            :      225      225          
	   Memory (MB)          :      324      324          
...
001 (1488885.036.000) 12/24 20:53:00 Job executing on host: <128.83.120.217:57468>
...
006 (1488885.023.000) 12/24 20:53:02 Image size of job updated: 1205412
	3  -  MemoryUsage of job (MB)
	2656  -  ResidentSetSize of job (KB)
...
005 (1488885.023.000) 12/24 20:53:02 Job terminated.
	(1) Normal termination (return value 0)
		Usr 0 00:02:21, Sys 0 00:00:29  -  Run Remote Usage
		Usr 0 00:00:00, Sys 0 00:00:00  -  Run Local Usage
		Usr 0 00:02:21, Sys 0 00:00:29  -  Total Remote Usage
		Usr 0 00:00:00, Sys 0 00:00:00  -  Total Local Usage
	0  -  Run Bytes Sent By Job
	0  -  Run Bytes Received By Job
	0  -  Total Bytes Sent By Job
	0  -  Total Bytes Received By Job
	Partitionable Resources :    Usage  Request          
	   Cpus                 :                 1          
	   Disk (KB)            :      225      225          
	   Memory (MB)          :        3        3          
...
006 (1488885.027.000) 12/24 20:53:02 Image size of job updated: 1270860
	3  -  MemoryUsage of job (MB)
	2812  -  ResidentSetSize of job (KB)
...
005 (1488885.027.000) 12/24 20:53:02 Job terminated.
	(1) Normal termination (return value 0)
		Usr 0 00:02:25, Sys 0 00:00:33  -  Run Remote Usage
		Usr 0 00:00:00, Sys 0 00:00:00  -  Run Local Usage
		Usr 0 00:02:25, Sys 0 00:00:33  -  Total Remote Usage
		Usr 0 00:00:00, Sys 0 00:00:00  -  Total Local Usage
	0  -  Run Bytes Sent By Job
	0  -  Run Bytes Received By Job
	0  -  Total Bytes Sent By Job
	0  -  Total Bytes Received By Job
	Partitionable Resources :    Usage  Request          
	   Cpus                 :                 1          
	   Disk (KB)            :      225      225          
	   Memory (MB)          :        3        3          
...
006 (1488885.036.000) 12/24 20:53:08 Image size of job updated: 1250000
	498  -  MemoryUsage of job (MB)
	509804  -  ResidentSetSize of job (KB)
...
006 (1488885.049.000) 12/24 20:53:09 Image size of job updated: 1270932
	3  -  MemoryUsage of job (MB)
	2644  -  ResidentSetSize of job (KB)
...
005 (1488885.049.000) 12/24 20:53:09 Job terminated.
	(1) Normal termination (return value 0)
		Usr 0 00:02:29, Sys 0 00:00:30  -  Run Remote Usage
		Usr 0 00:00:00, Sys 0 00:00:00  -  Run Local Usage
		Usr 0 00:02:29, Sys 0 00:00:30  -  Total Remote Usage
		Usr 0 00:00:00, Sys 0 00:00:00  -  Total Local Usage
	0  -  Run Bytes Sent By Job
	0  -  Run Bytes Received By Job
	0  -  Total Bytes Sent By Job
	0  -  Total Bytes Received By Job
	Partitionable Resources :    Usage  Request          
	   Cpus                 :                 1          
	   Disk (KB)            :      225      225          
	   Memory (MB)          :        3        3          
...
006 (1488885.011.000) 12/24 20:53:11 Image size of job updated: 1401944
	441  -  MemoryUsage of job (MB)
	451192  -  ResidentSetSize of job (KB)
...
005 (1488885.011.000) 12/24 20:53:11 Job terminated.
	(1) Normal termination (return value 0)
		Usr 0 00:02:35, Sys 0 00:00:38  -  Run Remote Usage
		Usr 0 00:00:00, Sys 0 00:00:00  -  Run Local Usage
		Usr 0 00:02:35, Sys 0 00:00:38  -  Total Remote Usage
		Usr 0 00:00:00, Sys 0 00:00:00  -  Total Local Usage
	0  -  Run Bytes Sent By Job
	0  -  Run Bytes Received By Job
	0  -  Total Bytes Sent By Job
	0  -  Total Bytes Received By Job
	Partitionable Resources :    Usage  Request          
	   Cpus                 :                 1          
	   Disk (KB)            :      225      225          
	   Memory (MB)          :      441      441          
...
006 (1488885.022.000) 12/24 20:53:12 Image size of job updated: 1139800
	303  -  MemoryUsage of job (MB)
	309684  -  ResidentSetSize of job (KB)
...
005 (1488885.022.000) 12/24 20:53:12 Job terminated.
	(1) Normal termination (return value 0)
		Usr 0 00:02:25, Sys 0 00:00:37  -  Run Remote Usage
		Usr 0 00:00:00, Sys 0 00:00:00  -  Run Local Usage
		Usr 0 00:02:25, Sys 0 00:00:37  -  Total Remote Usage
		Usr 0 00:00:00, Sys 0 00:00:00  -  Total Local Usage
	0  -  Run Bytes Sent By Job
	0  -  Run Bytes Received By Job
	0  -  Total Bytes Sent By Job
	0  -  Total Bytes Received By Job
	Partitionable Resources :    Usage  Request          
	   Cpus                 :                 1          
	   Disk (KB)            :      225      225          
	   Memory (MB)          :      303      303          
...
006 (1488885.012.000) 12/24 20:53:13 Image size of job updated: 1270924
	3  -  MemoryUsage of job (MB)
	2188  -  ResidentSetSize of job (KB)
...
005 (1488885.012.000) 12/24 20:53:13 Job terminated.
	(1) Normal termination (return value 0)
		Usr 0 00:02:25, Sys 0 00:00:33  -  Run Remote Usage
		Usr 0 00:00:00, Sys 0 00:00:00  -  Run Local Usage
		Usr 0 00:02:25, Sys 0 00:00:33  -  Total Remote Usage
		Usr 0 00:00:00, Sys 0 00:00:00  -  Total Local Usage
	0  -  Run Bytes Sent By Job
	0  -  Run Bytes Received By Job
	0  -  Total Bytes Sent By Job
	0  -  Total Bytes Received By Job
	Partitionable Resources :    Usage  Request          
	   Cpus                 :                 1          
	   Disk (KB)            :      225      225          
	   Memory (MB)          :        3        3          
...
006 (1488885.016.000) 12/24 20:53:15 Image size of job updated: 1205340
	549  -  MemoryUsage of job (MB)
	562060  -  ResidentSetSize of job (KB)
...
005 (1488885.016.000) 12/24 20:53:15 Job terminated.
	(1) Normal termination (return value 0)
		Usr 0 00:02:28, Sys 0 00:00:38  -  Run Remote Usage
		Usr 0 00:00:00, Sys 0 00:00:00  -  Run Local Usage
		Usr 0 00:02:28, Sys 0 00:00:38  -  Total Remote Usage
		Usr 0 00:00:00, Sys 0 00:00:00  -  Total Local Usage
	0  -  Run Bytes Sent By Job
	0  -  Run Bytes Received By Job
	0  -  Total Bytes Sent By Job
	0  -  Total Bytes Received By Job
	Partitionable Resources :    Usage  Request          
	   Cpus                 :                 1          
	   Disk (KB)            :      225      225          
	   Memory (MB)          :      549      549          
...
006 (1488885.002.000) 12/24 20:53:17 Image size of job updated: 1401944
	618  -  MemoryUsage of job (MB)
	632020  -  ResidentSetSize of job (KB)
...
005 (1488885.002.000) 12/24 20:53:17 Job terminated.
	(1) Normal termination (return value 0)
		Usr 0 00:02:37, Sys 0 00:00:31  -  Run Remote Usage
		Usr 0 00:00:00, Sys 0 00:00:00  -  Run Local Usage
		Usr 0 00:02:37, Sys 0 00:00:31  -  Total Remote Usage
		Usr 0 00:00:00, Sys 0 00:00:00  -  Total Local Usage
	0  -  Run Bytes Sent By Job
	0  -  Run Bytes Received By Job
	0  -  Total Bytes Sent By Job
	0  -  Total Bytes Received By Job
	Partitionable Resources :    Usage  Request          
	   Cpus                 :                 1          
	   Disk (KB)            :      225      225          
	   Memory (MB)          :      618      618          
...
006 (1488885.017.000) 12/24 20:53:18 Image size of job updated: 1071012
	594  -  MemoryUsage of job (MB)
	607472  -  ResidentSetSize of job (KB)
...
005 (1488885.017.000) 12/24 20:53:18 Job terminated.
	(1) Normal termination (return value 0)
		Usr 0 00:02:28, Sys 0 00:00:38  -  Run Remote Usage
		Usr 0 00:00:00, Sys 0 00:00:00  -  Run Local Usage
		Usr 0 00:02:28, Sys 0 00:00:38  -  Total Remote Usage
		Usr 0 00:00:00, Sys 0 00:00:00  -  Total Local Usage
	0  -  Run Bytes Sent By Job
	0  -  Run Bytes Received By Job
	0  -  Total Bytes Sent By Job
	0  -  Total Bytes Received By Job
	Partitionable Resources :    Usage  Request          
	   Cpus                 :                 1          
	   Disk (KB)            :      225      225          
	   Memory (MB)          :      594      594          
...
006 (1488885.028.000) 12/24 20:53:21 Image size of job updated: 1467500
	3  -  MemoryUsage of job (MB)
	2616  -  ResidentSetSize of job (KB)
...
005 (1488885.028.000) 12/24 20:53:21 Job terminated.
	(1) Normal termination (return value 0)
		Usr 0 00:02:42, Sys 0 00:00:41  -  Run Remote Usage
		Usr 0 00:00:00, Sys 0 00:00:00  -  Run Local Usage
		Usr 0 00:02:42, Sys 0 00:00:41  -  Total Remote Usage
		Usr 0 00:00:00, Sys 0 00:00:00  -  Total Local Usage
	0  -  Run Bytes Sent By Job
	0  -  Run Bytes Received By Job
	0  -  Total Bytes Sent By Job
	0  -  Total Bytes Received By Job
	Partitionable Resources :    Usage  Request          
	   Cpus                 :                 1          
	   Disk (KB)            :      225      225          
	   Memory (MB)          :        3        3          
...
006 (1488885.044.000) 12/24 20:53:23 Image size of job updated: 1205360
	524  -  MemoryUsage of job (MB)
	535920  -  ResidentSetSize of job (KB)
...
004 (1488885.044.000) 12/24 20:53:23 Job was evicted.
	(0) Job was not checkpointed.
		Usr 0 00:02:22, Sys 0 00:00:41  -  Run Remote Usage
		Usr 0 00:00:00, Sys 0 00:00:00  -  Run Local Usage
	0  -  Run Bytes Sent By Job
	0  -  Run Bytes Received By Job
	Partitionable Resources :    Usage  Request          
	   Cpus                 :                 1          
	   Disk (KB)            :      225      225          
	   Memory (MB)          :      524      524          
...
006 (1488885.039.000) 12/24 20:53:25 Image size of job updated: 1336412
	3  -  MemoryUsage of job (MB)
	2192  -  ResidentSetSize of job (KB)
...
005 (1488885.039.000) 12/24 20:53:25 Job terminated.
	(1) Normal termination (return value 0)
		Usr 0 00:02:53, Sys 0 00:00:42  -  Run Remote Usage
		Usr 0 00:00:00, Sys 0 00:00:00  -  Run Local Usage
		Usr 0 00:02:53, Sys 0 00:00:42  -  Total Remote Usage
		Usr 0 00:00:00, Sys 0 00:00:00  -  Total Local Usage
	0  -  Run Bytes Sent By Job
	0  -  Run Bytes Received By Job
	0  -  Total Bytes Sent By Job
	0  -  Total Bytes Received By Job
	Partitionable Resources :    Usage  Request          
	   Cpus                 :                 1          
	   Disk (KB)            :      225      225          
	   Memory (MB)          :        3        3          
...
006 (1488885.026.000) 12/24 20:53:25 Image size of job updated: 1336396
	3  -  MemoryUsage of job (MB)
	2192  -  ResidentSetSize of job (KB)
...
005 (1488885.026.000) 12/24 20:53:25 Job terminated.
	(1) Normal termination (return value 0)
		Usr 0 00:02:44, Sys 0 00:00:42  -  Run Remote Usage
		Usr 0 00:00:00, Sys 0 00:00:00  -  Run Local Usage
		Usr 0 00:02:44, Sys 0 00:00:42  -  Total Remote Usage
		Usr 0 00:00:00, Sys 0 00:00:00  -  Total Local Usage
	0  -  Run Bytes Sent By Job
	0  -  Run Bytes Received By Job
	0  -  Total Bytes Sent By Job
	0  -  Total Bytes Received By Job
	Partitionable Resources :    Usage  Request          
	   Cpus                 :                 1          
	   Disk (KB)            :      225      225          
	   Memory (MB)          :        3        3          
...
001 (1488885.044.000) 12/24 20:53:25 Job executing on host: <128.83.139.244:58037>
...
006 (1488885.004.000) 12/24 20:53:26 Image size of job updated: 1270896
	606  -  MemoryUsage of job (MB)
	620408  -  ResidentSetSize of job (KB)
...
005 (1488885.004.000) 12/24 20:53:26 Job terminated.
	(1) Normal termination (return value 0)
		Usr 0 00:02:39, Sys 0 00:00:32  -  Run Remote Usage
		Usr 0 00:00:00, Sys 0 00:00:00  -  Run Local Usage
		Usr 0 00:02:39, Sys 0 00:00:32  -  Total Remote Usage
		Usr 0 00:00:00, Sys 0 00:00:00  -  Total Local Usage
	0  -  Run Bytes Sent By Job
	0  -  Run Bytes Received By Job
	0  -  Total Bytes Sent By Job
	0  -  Total Bytes Received By Job
	Partitionable Resources :    Usage  Request          
	   Cpus                 :                 1          
	   Disk (KB)            :      225      225          
	   Memory (MB)          :      606      606          
...
006 (1488885.009.000) 12/24 20:53:26 Image size of job updated: 1598576
	454  -  MemoryUsage of job (MB)
	464124  -  ResidentSetSize of job (KB)
...
005 (1488885.009.000) 12/24 20:53:27 Job terminated.
	(1) Normal termination (return value 0)
		Usr 0 00:02:59, Sys 0 00:00:35  -  Run Remote Usage
		Usr 0 00:00:00, Sys 0 00:00:00  -  Run Local Usage
		Usr 0 00:02:59, Sys 0 00:00:35  -  Total Remote Usage
		Usr 0 00:00:00, Sys 0 00:00:00  -  Total Local Usage
	0  -  Run Bytes Sent By Job
	0  -  Run Bytes Received By Job
	0  -  Total Bytes Sent By Job
	0  -  Total Bytes Received By Job
	Partitionable Resources :    Usage  Request          
	   Cpus                 :                 1          
	   Disk (KB)            :      225      225          
	   Memory (MB)          :      454      454          
...
006 (1488885.042.000) 12/24 20:53:27 Image size of job updated: 1467528
	3  -  MemoryUsage of job (MB)
	2656  -  ResidentSetSize of job (KB)
...
005 (1488885.042.000) 12/24 20:53:27 Job terminated.
	(1) Normal termination (return value 0)
		Usr 0 00:02:52, Sys 0 00:00:47  -  Run Remote Usage
		Usr 0 00:00:00, Sys 0 00:00:00  -  Run Local Usage
		Usr 0 00:02:52, Sys 0 00:00:47  -  Total Remote Usage
		Usr 0 00:00:00, Sys 0 00:00:00  -  Total Local Usage
	0  -  Run Bytes Sent By Job
	0  -  Run Bytes Received By Job
	0  -  Total Bytes Sent By Job
	0  -  Total Bytes Received By Job
	Partitionable Resources :    Usage  Request          
	   Cpus                 :                 1          
	   Disk (KB)            :      225      225          
	   Memory (MB)          :        3        3          
...
006 (1488885.010.000) 12/24 20:53:27 Image size of job updated: 1598572
	454  -  MemoryUsage of job (MB)
	464124  -  ResidentSetSize of job (KB)
...
005 (1488885.010.000) 12/24 20:53:27 Job terminated.
	(1) Normal termination (return value 0)
		Usr 0 00:02:42, Sys 0 00:00:49  -  Run Remote Usage
		Usr 0 00:00:00, Sys 0 00:00:00  -  Run Local Usage
		Usr 0 00:02:42, Sys 0 00:00:49  -  Total Remote Usage
		Usr 0 00:00:00, Sys 0 00:00:00  -  Total Local Usage
	0  -  Run Bytes Sent By Job
	0  -  Run Bytes Received By Job
	0  -  Total Bytes Sent By Job
	0  -  Total Bytes Received By Job
	Partitionable Resources :    Usage  Request          
	   Cpus                 :                 1          
	   Disk (KB)            :      225      225          
	   Memory (MB)          :      454      454          
...
006 (1488885.029.000) 12/24 20:53:28 Image size of job updated: 1533024
	3  -  MemoryUsage of job (MB)
	2656  -  ResidentSetSize of job (KB)
...
005 (1488885.029.000) 12/24 20:53:28 Job terminated.
	(1) Normal termination (return value 0)
		Usr 0 00:02:43, Sys 0 00:00:49  -  Run Remote Usage
		Usr 0 00:00:00, Sys 0 00:00:00  -  Run Local Usage
		Usr 0 00:02:43, Sys 0 00:00:49  -  Total Remote Usage
		Usr 0 00:00:00, Sys 0 00:00:00  -  Total Local Usage
	0  -  Run Bytes Sent By Job
	0  -  Run Bytes Received By Job
	0  -  Total Bytes Sent By Job
	0  -  Total Bytes Received By Job
	Partitionable Resources :    Usage  Request          
	   Cpus                 :                 1          
	   Disk (KB)            :      225      225          
	   Memory (MB)          :        3        3          
...
006 (1488885.033.000) 12/24 20:53:34 Image size of job updated: 1270904
	453  -  MemoryUsage of job (MB)
	463064  -  ResidentSetSize of job (KB)
...
005 (1488885.033.000) 12/24 20:53:34 Job terminated.
	(1) Normal termination (return value 0)
		Usr 0 00:02:44, Sys 0 00:00:38  -  Run Remote Usage
		Usr 0 00:00:00, Sys 0 00:00:00  -  Run Local Usage
		Usr 0 00:02:44, Sys 0 00:00:38  -  Total Remote Usage
		Usr 0 00:00:00, Sys 0 00:00:00  -  Total Local Usage
	0  -  Run Bytes Sent By Job
	0  -  Run Bytes Received By Job
	0  -  Total Bytes Sent By Job
	0  -  Total Bytes Received By Job
	Partitionable Resources :    Usage  Request          
	   Cpus                 :                 1          
	   Disk (KB)            :      225      225          
	   Memory (MB)          :      453      453          
...
006 (1488885.014.000) 12/24 20:53:34 Image size of job updated: 1467492
	584  -  MemoryUsage of job (MB)
	597708  -  ResidentSetSize of job (KB)
...
005 (1488885.014.000) 12/24 20:53:34 Job terminated.
	(1) Normal termination (return value 0)
		Usr 0 00:02:41, Sys 0 00:00:46  -  Run Remote Usage
		Usr 0 00:00:00, Sys 0 00:00:00  -  Run Local Usage
		Usr 0 00:02:41, Sys 0 00:00:46  -  Total Remote Usage
		Usr 0 00:00:00, Sys 0 00:00:00  -  Total Local Usage
	0  -  Run Bytes Sent By Job
	0  -  Run Bytes Received By Job
	0  -  Total Bytes Sent By Job
	0  -  Total Bytes Received By Job
	Partitionable Resources :    Usage  Request          
	   Cpus                 :                 1          
	   Disk (KB)            :      225      225          
	   Memory (MB)          :      584      584          
...
006 (1488885.024.000) 12/24 20:53:35 Image size of job updated: 1533044
	3  -  MemoryUsage of job (MB)
	2612  -  ResidentSetSize of job (KB)
...
005 (1488885.024.000) 12/24 20:53:35 Job terminated.
	(1) Normal termination (return value 0)
		Usr 0 00:02:51, Sys 0 00:00:47  -  Run Remote Usage
		Usr 0 00:00:00, Sys 0 00:00:00  -  Run Local Usage
		Usr 0 00:02:51, Sys 0 00:00:47  -  Total Remote Usage
		Usr 0 00:00:00, Sys 0 00:00:00  -  Total Local Usage
	0  -  Run Bytes Sent By Job
	0  -  Run Bytes Received By Job
	0  -  Total Bytes Sent By Job
	0  -  Total Bytes Received By Job
	Partitionable Resources :    Usage  Request          
	   Cpus                 :                 1          
	   Disk (KB)            :      225      225          
	   Memory (MB)          :        3        3          
...
006 (1488885.047.000) 12/24 20:53:39 Image size of job updated: 1270896
	556  -  MemoryUsage of job (MB)
	568372  -  ResidentSetSize of job (KB)
...
005 (1488885.047.000) 12/24 20:53:39 Job terminated.
	(1) Normal termination (return value 0)
		Usr 0 00:02:31, Sys 0 00:00:50  -  Run Remote Usage
		Usr 0 00:00:00, Sys 0 00:00:00  -  Run Local Usage
		Usr 0 00:02:31, Sys 0 00:00:50  -  Total Remote Usage
		Usr 0 00:00:00, Sys 0 00:00:00  -  Total Local Usage
	0  -  Run Bytes Sent By Job
	0  -  Run Bytes Received By Job
	0  -  Total Bytes Sent By Job
	0  -  Total Bytes Received By Job
	Partitionable Resources :    Usage  Request          
	   Cpus                 :                 1          
	   Disk (KB)            :      225      225          
	   Memory (MB)          :      556      556          
...
006 (1488885.021.000) 12/24 20:53:45 Image size of job updated: 1336480
	275  -  MemoryUsage of job (MB)
	281436  -  ResidentSetSize of job (KB)
...
005 (1488885.021.000) 12/24 20:53:45 Job terminated.
	(1) Normal termination (return value 0)
		Usr 0 00:02:59, Sys 0 00:00:45  -  Run Remote Usage
		Usr 0 00:00:00, Sys 0 00:00:00  -  Run Local Usage
		Usr 0 00:02:59, Sys 0 00:00:45  -  Total Remote Usage
		Usr 0 00:00:00, Sys 0 00:00:00  -  Total Local Usage
	0  -  Run Bytes Sent By Job
	0  -  Run Bytes Received By Job
	0  -  Total Bytes Sent By Job
	0  -  Total Bytes Received By Job
	Partitionable Resources :    Usage  Request          
	   Cpus                 :                 1          
	   Disk (KB)            :      225      225          
	   Memory (MB)          :      275      275          
...
006 (1488885.045.000) 12/24 20:53:46 Image size of job updated: 1333660
	517  -  MemoryUsage of job (MB)
	529332  -  ResidentSetSize of job (KB)
...
005 (1488885.045.000) 12/24 20:53:46 Job terminated.
	(1) Normal termination (return value 0)
		Usr 0 00:02:46, Sys 0 00:00:54  -  Run Remote Usage
		Usr 0 00:00:00, Sys 0 00:00:00  -  Run Local Usage
		Usr 0 00:02:46, Sys 0 00:00:54  -  Total Remote Usage
		Usr 0 00:00:00, Sys 0 00:00:00  -  Total Local Usage
	0  -  Run Bytes Sent By Job
	0  -  Run Bytes Received By Job
	0  -  Total Bytes Sent By Job
	0  -  Total Bytes Received By Job
	Partitionable Resources :    Usage  Request          
	   Cpus                 :                 1          
	   Disk (KB)            :      225      225          
	   Memory (MB)          :      517      517          
...
006 (1488885.037.000) 12/24 20:53:47 Image size of job updated: 1598556
	3  -  MemoryUsage of job (MB)
	2772  -  ResidentSetSize of job (KB)
...
004 (1488885.037.000) 12/24 20:53:47 Job was evicted.
	(0) Job was not checkpointed.
		Usr 0 00:03:04, Sys 0 00:00:56  -  Run Remote Usage
		Usr 0 00:00:00, Sys 0 00:00:00  -  Run Local Usage
	0  -  Run Bytes Sent By Job
	0  -  Run Bytes Received By Job
	Partitionable Resources :    Usage  Request          
	   Cpus                 :                 1          
	   Disk (KB)            :      225      225          
	   Memory (MB)          :        3        3          
...
001 (1488885.037.000) 12/24 20:53:52 Job executing on host: <128.83.139.184:45678>
...
006 (1488885.030.000) 12/24 20:53:52 Image size of job updated: 1599040
	3  -  MemoryUsage of job (MB)
	2656  -  ResidentSetSize of job (KB)
...
005 (1488885.030.000) 12/24 20:53:52 Job terminated.
	(1) Normal termination (return value 0)
		Usr 0 00:03:23, Sys 0 00:01:07  -  Run Remote Usage
		Usr 0 00:00:00, Sys 0 00:00:00  -  Run Local Usage
		Usr 0 00:03:23, Sys 0 00:01:07  -  Total Remote Usage
		Usr 0 00:00:00, Sys 0 00:00:00  -  Total Local Usage
	0  -  Run Bytes Sent By Job
	0  -  Run Bytes Received By Job
	0  -  Total Bytes Sent By Job
	0  -  Total Bytes Received By Job
	Partitionable Resources :    Usage  Request          
	   Cpus                 :                 1          
	   Disk (KB)            :      225      225          
	   Memory (MB)          :        3        3          
...
006 (1488885.034.000) 12/24 20:53:53 Image size of job updated: 1598592
	483  -  MemoryUsage of job (MB)
	493696  -  ResidentSetSize of job (KB)
...
005 (1488885.034.000) 12/24 20:53:53 Job terminated.
	(1) Normal termination (return value 0)
		Usr 0 00:02:59, Sys 0 00:00:38  -  Run Remote Usage
		Usr 0 00:00:00, Sys 0 00:00:00  -  Run Local Usage
		Usr 0 00:02:59, Sys 0 00:00:38  -  Total Remote Usage
		Usr 0 00:00:00, Sys 0 00:00:00  -  Total Local Usage
	0  -  Run Bytes Sent By Job
	0  -  Run Bytes Received By Job
	0  -  Total Bytes Sent By Job
	0  -  Total Bytes Received By Job
	Partitionable Resources :    Usage  Request          
	   Cpus                 :                 1          
	   Disk (KB)            :      225      225          
	   Memory (MB)          :      483      483          
...
006 (1488885.015.000) 12/24 20:53:55 Image size of job updated: 1532992
	557  -  MemoryUsage of job (MB)
	570248  -  ResidentSetSize of job (KB)
...
005 (1488885.015.000) 12/24 20:53:55 Job terminated.
	(1) Normal termination (return value 0)
		Usr 0 00:02:53, Sys 0 00:00:49  -  Run Remote Usage
		Usr 0 00:00:00, Sys 0 00:00:00  -  Run Local Usage
		Usr 0 00:02:53, Sys 0 00:00:49  -  Total Remote Usage
		Usr 0 00:00:00, Sys 0 00:00:00  -  Total Local Usage
	0  -  Run Bytes Sent By Job
	0  -  Run Bytes Received By Job
	0  -  Total Bytes Sent By Job
	0  -  Total Bytes Received By Job
	Partitionable Resources :    Usage  Request          
	   Cpus                 :                 1          
	   Disk (KB)            :      225      225          
	   Memory (MB)          :      557      557          
...
006 (1488885.037.000) 12/24 20:54:00 Image size of job updated: 1750000
	543  -  MemoryUsage of job (MB)
	555468  -  ResidentSetSize of job (KB)
...
006 (1488885.018.000) 12/24 20:54:00 Image size of job updated: 1467564
	587  -  MemoryUsage of job (MB)
	600872  -  ResidentSetSize of job (KB)
...
005 (1488885.018.000) 12/24 20:54:00 Job terminated.
	(1) Normal termination (return value 0)
		Usr 0 00:03:24, Sys 0 00:01:05  -  Run Remote Usage
		Usr 0 00:00:00, Sys 0 00:00:00  -  Run Local Usage
		Usr 0 00:03:24, Sys 0 00:01:05  -  Total Remote Usage
		Usr 0 00:00:00, Sys 0 00:00:00  -  Total Local Usage
	0  -  Run Bytes Sent By Job
	0  -  Run Bytes Received By Job
	0  -  Total Bytes Sent By Job
	0  -  Total Bytes Received By Job
	Partitionable Resources :    Usage  Request          
	   Cpus                 :                 1          
	   Disk (KB)            :      225      225          
	   Memory (MB)          :      587      587          
...
006 (1488885.020.000) 12/24 20:54:12 Image size of job updated: 1533504
	299  -  MemoryUsage of job (MB)
	305992  -  ResidentSetSize of job (KB)
...
005 (1488885.020.000) 12/24 20:54:12 Job terminated.
	(1) Normal termination (return value 0)
		Usr 0 00:03:42, Sys 0 00:01:00  -  Run Remote Usage
		Usr 0 00:00:00, Sys 0 00:00:00  -  Run Local Usage
		Usr 0 00:03:42, Sys 0 00:01:00  -  Total Remote Usage
		Usr 0 00:00:00, Sys 0 00:00:00  -  Total Local Usage
	0  -  Run Bytes Sent By Job
	0  -  Run Bytes Received By Job
	0  -  Total Bytes Sent By Job
	0  -  Total Bytes Received By Job
	Partitionable Resources :    Usage  Request          
	   Cpus                 :                 1          
	   Disk (KB)            :      225      225          
	   Memory (MB)          :      299      299          
...
006 (1488885.035.000) 12/24 20:54:15 Image size of job updated: 1861188
	454  -  MemoryUsage of job (MB)
	464120  -  ResidentSetSize of job (KB)
...
005 (1488885.035.000) 12/24 20:54:15 Job terminated.
	(1) Normal termination (return value 0)
		Usr 0 00:03:21, Sys 0 00:00:57  -  Run Remote Usage
		Usr 0 00:00:00, Sys 0 00:00:00  -  Run Local Usage
		Usr 0 00:03:21, Sys 0 00:00:57  -  Total Remote Usage
		Usr 0 00:00:00, Sys 0 00:00:00  -  Total Local Usage
	0  -  Run Bytes Sent By Job
	0  -  Run Bytes Received By Job
	0  -  Total Bytes Sent By Job
	0  -  Total Bytes Received By Job
	Partitionable Resources :    Usage  Request          
	   Cpus                 :                 1          
	   Disk (KB)            :      225      225          
	   Memory (MB)          :      454      454          
...
006 (1488885.005.000) 12/24 20:54:20 Image size of job updated: 1861228
	606  -  MemoryUsage of job (MB)
	620152  -  ResidentSetSize of job (KB)
...
005 (1488885.005.000) 12/24 20:54:20 Job terminated.
	(1) Normal termination (return value 0)
		Usr 0 00:03:40, Sys 0 00:00:49  -  Run Remote Usage
		Usr 0 00:00:00, Sys 0 00:00:00  -  Run Local Usage
		Usr 0 00:03:40, Sys 0 00:00:49  -  Total Remote Usage
		Usr 0 00:00:00, Sys 0 00:00:00  -  Total Local Usage
	0  -  Run Bytes Sent By Job
	0  -  Run Bytes Received By Job
	0  -  Total Bytes Sent By Job
	0  -  Total Bytes Received By Job
	Partitionable Resources :    Usage  Request          
	   Cpus                 :                 1          
	   Disk (KB)            :      225      225          
	   Memory (MB)          :      606      606          
...
006 (1488885.008.000) 12/24 20:54:24 Image size of job updated: 1730124
	444  -  MemoryUsage of job (MB)
	453828  -  ResidentSetSize of job (KB)
...
005 (1488885.008.000) 12/24 20:54:24 Job terminated.
	(1) Normal termination (return value 0)
		Usr 0 00:03:40, Sys 0 00:01:21  -  Run Remote Usage
		Usr 0 00:00:00, Sys 0 00:00:00  -  Run Local Usage
		Usr 0 00:03:40, Sys 0 00:01:21  -  Total Remote Usage
		Usr 0 00:00:00, Sys 0 00:00:00  -  Total Local Usage
	0  -  Run Bytes Sent By Job
	0  -  Run Bytes Received By Job
	0  -  Total Bytes Sent By Job
	0  -  Total Bytes Received By Job
	Partitionable Resources :    Usage  Request          
	   Cpus                 :                 1          
	   Disk (KB)            :      225      225          
	   Memory (MB)          :      444      444          
...
006 (1488885.000.000) 12/24 20:54:25 Image size of job updated: 2254404
	594  -  MemoryUsage of job (MB)
	607472  -  ResidentSetSize of job (KB)
...
005 (1488885.000.000) 12/24 20:54:25 Job terminated.
	(1) Normal termination (return value 0)
		Usr 0 00:03:40, Sys 0 00:01:03  -  Run Remote Usage
		Usr 0 00:00:00, Sys 0 00:00:00  -  Run Local Usage
		Usr 0 00:03:40, Sys 0 00:01:03  -  Total Remote Usage
		Usr 0 00:00:00, Sys 0 00:00:00  -  Total Local Usage
	0  -  Run Bytes Sent By Job
	0  -  Run Bytes Received By Job
	0  -  Total Bytes Sent By Job
	0  -  Total Bytes Received By Job
	Partitionable Resources :    Usage  Request          
	   Cpus                 :                 1          
	   Disk (KB)            :      225      225          
	   Memory (MB)          :      594      594          
...
004 (1488885.044.000) 12/24 20:54:35 Job was evicted.
	(0) Job was not checkpointed.
		Usr 0 00:01:07, Sys 0 00:00:37  -  Run Remote Usage
		Usr 0 00:00:00, Sys 0 00:00:00  -  Run Local Usage
	0  -  Run Bytes Sent By Job
	0  -  Run Bytes Received By Job
	Partitionable Resources :    Usage  Request          
	   Cpus                 :                 1          
	   Disk (KB)            :      225      225          
	   Memory (MB)          :      733      733          
...
006 (1488885.046.000) 12/24 20:54:40 Image size of job updated: 1468000
	549  -  MemoryUsage of job (MB)
	562064  -  ResidentSetSize of job (KB)
...
005 (1488885.046.000) 12/24 20:54:40 Job terminated.
	(1) Normal termination (return value 0)
		Usr 0 00:03:45, Sys 0 00:01:20  -  Run Remote Usage
		Usr 0 00:00:00, Sys 0 00:00:00  -  Run Local Usage
		Usr 0 00:03:45, Sys 0 00:01:20  -  Total Remote Usage
		Usr 0 00:00:00, Sys 0 00:00:00  -  Total Local Usage
	0  -  Run Bytes Sent By Job
	0  -  Run Bytes Received By Job
	0  -  Total Bytes Sent By Job
	0  -  Total Bytes Received By Job
	Partitionable Resources :    Usage  Request          
	   Cpus                 :                 1          
	   Disk (KB)            :      225      225          
	   Memory (MB)          :      549      549          
...
001 (1488885.044.000) 12/24 20:54:40 Job executing on host: <128.83.139.240:41917>
...
006 (1488885.001.000) 12/24 20:54:41 Image size of job updated: 1926756
	625  -  MemoryUsage of job (MB)
	639944  -  ResidentSetSize of job (KB)
...
005 (1488885.001.000) 12/24 20:54:41 Job terminated.
	(1) Normal termination (return value 0)
		Usr 0 00:03:53, Sys 0 00:00:57  -  Run Remote Usage
		Usr 0 00:00:00, Sys 0 00:00:00  -  Run Local Usage
		Usr 0 00:03:53, Sys 0 00:00:57  -  Total Remote Usage
		Usr 0 00:00:00, Sys 0 00:00:00  -  Total Local Usage
	0  -  Run Bytes Sent By Job
	0  -  Run Bytes Received By Job
	0  -  Total Bytes Sent By Job
	0  -  Total Bytes Received By Job
	Partitionable Resources :    Usage  Request          
	   Cpus                 :                 1          
	   Disk (KB)            :      225      225          
	   Memory (MB)          :      625      625          
...
006 (1488885.013.000) 12/24 20:54:47 Image size of job updated: 1926700
	568  -  MemoryUsage of job (MB)
	581332  -  ResidentSetSize of job (KB)
...
005 (1488885.013.000) 12/24 20:54:47 Job terminated.
	(1) Normal termination (return value 0)
		Usr 0 00:04:17, Sys 0 00:01:34  -  Run Remote Usage
		Usr 0 00:00:00, Sys 0 00:00:00  -  Run Local Usage
		Usr 0 00:04:17, Sys 0 00:01:34  -  Total Remote Usage
		Usr 0 00:00:00, Sys 0 00:00:00  -  Total Local Usage
	0  -  Run Bytes Sent By Job
	0  -  Run Bytes Received By Job
	0  -  Total Bytes Sent By Job
	0  -  Total Bytes Received By Job
	Partitionable Resources :    Usage  Request          
	   Cpus                 :                 1          
	   Disk (KB)            :      225      225          
	   Memory (MB)          :      568      568          
...
006 (1488885.041.000) 12/24 20:54:50 Image size of job updated: 2123372
	3  -  MemoryUsage of job (MB)
	2620  -  ResidentSetSize of job (KB)
...
005 (1488885.041.000) 12/24 20:54:50 Job terminated.
	(1) Normal termination (return value 0)
		Usr 0 00:04:13, Sys 0 00:01:33  -  Run Remote Usage
		Usr 0 00:00:00, Sys 0 00:00:00  -  Run Local Usage
		Usr 0 00:04:13, Sys 0 00:01:33  -  Total Remote Usage
		Usr 0 00:00:00, Sys 0 00:00:00  -  Total Local Usage
	0  -  Run Bytes Sent By Job
	0  -  Run Bytes Received By Job
	0  -  Total Bytes Sent By Job
	0  -  Total Bytes Received By Job
	Partitionable Resources :    Usage  Request          
	   Cpus                 :                 1          
	   Disk (KB)            :      225      225          
	   Memory (MB)          :        3        3          
...
006 (1488885.032.000) 12/24 20:55:04 Image size of job updated: 2516576
	460  -  MemoryUsage of job (MB)
	470724  -  ResidentSetSize of job (KB)
...
005 (1488885.032.000) 12/24 20:55:04 Job terminated.
	(1) Normal termination (return value 0)
		Usr 0 00:04:28, Sys 0 00:01:23  -  Run Remote Usage
		Usr 0 00:00:00, Sys 0 00:00:00  -  Run Local Usage
		Usr 0 00:04:28, Sys 0 00:01:23  -  Total Remote Usage
		Usr 0 00:00:00, Sys 0 00:00:00  -  Total Local Usage
	0  -  Run Bytes Sent By Job
	0  -  Run Bytes Received By Job
	0  -  Total Bytes Sent By Job
	0  -  Total Bytes Received By Job
	Partitionable Resources :    Usage  Request          
	   Cpus                 :                 1          
	   Disk (KB)            :      225      225          
	   Memory (MB)          :      460      460          
...
006 (1488885.003.000) 12/24 20:55:13 Image size of job updated: 2123340
	1988  -  MemoryUsage of job (MB)
	2035524  -  ResidentSetSize of job (KB)
...
006 (1488885.007.000) 12/24 20:55:13 Image size of job updated: 2909796
	2732  -  MemoryUsage of job (MB)
	2797496  -  ResidentSetSize of job (KB)
...
006 (1488885.040.000) 12/24 20:55:14 Image size of job updated: 2123368
	1999  -  MemoryUsage of job (MB)
	2046240  -  ResidentSetSize of job (KB)
...
006 (1488885.031.000) 12/24 20:55:15 Image size of job updated: 2254284
	2110  -  MemoryUsage of job (MB)
	2160392  -  ResidentSetSize of job (KB)
...
006 (1488885.040.000) 12/24 20:55:22 Image size of job updated: 2254440
	1999  -  MemoryUsage of job (MB)
	2046240  -  ResidentSetSize of job (KB)
...
004 (1488885.040.000) 12/24 20:55:22 Job was evicted.
	(0) Job was not checkpointed.
		Usr 0 00:05:10, Sys 0 00:02:16  -  Run Remote Usage
		Usr 0 00:00:00, Sys 0 00:00:00  -  Run Local Usage
	0  -  Run Bytes Sent By Job
	0  -  Run Bytes Received By Job
	Partitionable Resources :    Usage  Request          
	   Cpus                 :                 1          
	   Disk (KB)            :      225      225          
	   Memory (MB)          :     1999     1999          
...
001 (1488885.040.000) 12/24 20:55:23 Job executing on host: <128.83.139.206:35662>
...
006 (1488885.007.000) 12/24 20:55:30 Image size of job updated: 3040868
	2732  -  MemoryUsage of job (MB)
	2797496  -  ResidentSetSize of job (KB)
...
005 (1488885.007.000) 12/24 20:55:31 Job terminated.
	(1) Normal termination (return value 0)
		Usr 0 00:05:26, Sys 0 00:02:09  -  Run Remote Usage
		Usr 0 00:00:00, Sys 0 00:00:00  -  Run Local Usage
		Usr 0 00:05:26, Sys 0 00:02:09  -  Total Remote Usage
		Usr 0 00:00:00, Sys 0 00:00:00  -  Total Local Usage
	0  -  Run Bytes Sent By Job
	0  -  Run Bytes Received By Job
	0  -  Total Bytes Sent By Job
	0  -  Total Bytes Received By Job
	Partitionable Resources :    Usage  Request          
	   Cpus                 :                 1          
	   Disk (KB)            :      225      225          
	   Memory (MB)          :     2732     2732          
...
006 (1488885.031.000) 12/24 20:56:01 Image size of job updated: 2581964
	2110  -  MemoryUsage of job (MB)
	2160392  -  ResidentSetSize of job (KB)
...
005 (1488885.031.000) 12/24 20:56:01 Job terminated.
	(1) Normal termination (return value 0)
		Usr 0 00:05:42, Sys 0 00:02:09  -  Run Remote Usage
		Usr 0 00:00:00, Sys 0 00:00:00  -  Run Local Usage
		Usr 0 00:05:42, Sys 0 00:02:09  -  Total Remote Usage
		Usr 0 00:00:00, Sys 0 00:00:00  -  Total Local Usage
	0  -  Run Bytes Sent By Job
	0  -  Run Bytes Received By Job
	0  -  Total Bytes Sent By Job
	0  -  Total Bytes Received By Job
	Partitionable Resources :    Usage  Request          
	   Cpus                 :                 1          
	   Disk (KB)            :      225      225          
	   Memory (MB)          :     2110     2110          
...
006 (1488885.036.000) 12/24 20:56:14 Image size of job updated: 2057304
	498  -  MemoryUsage of job (MB)
	509804  -  ResidentSetSize of job (KB)
...
005 (1488885.036.000) 12/24 20:56:14 Job terminated.
	(1) Normal termination (return value 0)
		Usr 0 00:03:40, Sys 0 00:02:22  -  Run Remote Usage
		Usr 0 00:00:00, Sys 0 00:00:00  -  Run Local Usage
		Usr 0 00:03:40, Sys 0 00:02:22  -  Total Remote Usage
		Usr 0 00:00:00, Sys 0 00:00:00  -  Total Local Usage
	0  -  Run Bytes Sent By Job
	0  -  Run Bytes Received By Job
	0  -  Total Bytes Sent By Job
	0  -  Total Bytes Received By Job
	Partitionable Resources :    Usage  Request          
	   Cpus                 :                 1          
	   Disk (KB)            :      225      225          
	   Memory (MB)          :      498      498          
...
004 (1488885.044.000) 12/24 20:56:31 Job was evicted.
	(0) Job was not checkpointed.
		Usr 0 00:02:18, Sys 0 00:01:23  -  Run Remote Usage
		Usr 0 00:00:00, Sys 0 00:00:00  -  Run Local Usage
	0  -  Run Bytes Sent By Job
	0  -  Run Bytes Received By Job
	Partitionable Resources :    Usage  Request          
	   Cpus                 :                 1          
	   Disk (KB)            :      225      225          
	   Memory (MB)          :      733      733          
...
006 (1488885.003.000) 12/24 20:56:33 Image size of job updated: 2713164
	1988  -  MemoryUsage of job (MB)
	2035524  -  ResidentSetSize of job (KB)
...
005 (1488885.003.000) 12/24 20:56:33 Job terminated.
	(1) Normal termination (return value 0)
		Usr 0 00:06:21, Sys 0 00:02:49  -  Run Remote Usage
		Usr 0 00:00:00, Sys 0 00:00:00  -  Run Local Usage
		Usr 0 00:06:21, Sys 0 00:02:49  -  Total Remote Usage
		Usr 0 00:00:00, Sys 0 00:00:00  -  Total Local Usage
	0  -  Run Bytes Sent By Job
	0  -  Run Bytes Received By Job
	0  -  Total Bytes Sent By Job
	0  -  Total Bytes Received By Job
	Partitionable Resources :    Usage  Request          
	   Cpus                 :                 1          
	   Disk (KB)            :      225      225          
	   Memory (MB)          :     1988     1988          
...
001 (1488885.044.000) 12/24 20:56:33 Job executing on host: <128.83.139.192:60051>
...
005 (1488885.037.000) 12/24 20:56:33 Job terminated.
	(1) Normal termination (return value 0)
		Usr 0 00:03:07, Sys 0 00:01:57  -  Run Remote Usage
		Usr 0 00:00:00, Sys 0 00:00:00  -  Run Local Usage
		Usr 0 00:03:07, Sys 0 00:01:57  -  Total Remote Usage
		Usr 0 00:00:00, Sys 0 00:00:00  -  Total Local Usage
	0  -  Run Bytes Sent By Job
	0  -  Run Bytes Received By Job
	0  -  Total Bytes Sent By Job
	0  -  Total Bytes Received By Job
	Partitionable Resources :    Usage  Request          
	   Cpus                 :                 1          
	   Disk (KB)            :      225      225          
	   Memory (MB)          :      543      543          
...
005 (1488885.040.000) 12/24 20:58:37 Job terminated.
	(1) Normal termination (return value 0)
		Usr 0 00:02:47, Sys 0 00:01:09  -  Run Remote Usage
		Usr 0 00:00:00, Sys 0 00:00:00  -  Run Local Usage
		Usr 0 00:02:47, Sys 0 00:01:09  -  Total Remote Usage
		Usr 0 00:00:00, Sys 0 00:00:00  -  Total Local Usage
	0  -  Run Bytes Sent By Job
	0  -  Run Bytes Received By Job
	0  -  Total Bytes Sent By Job
	0  -  Total Bytes Received By Job
	Partitionable Resources :    Usage  Request          
	   Cpus                 :                 1          
	   Disk (KB)            :      225      225          
	   Memory (MB)          :     2198     2198          
...
006 (1488885.044.000) 12/24 21:00:47 Image size of job updated: 2582052
	733  -  MemoryUsage of job (MB)
	750000  -  ResidentSetSize of job (KB)
...
005 (1488885.044.000) 12/24 21:00:47 Job terminated.
	(1) Normal termination (return value 0)
		Usr 0 00:05:19, Sys 0 00:03:12  -  Run Remote Usage
		Usr 0 00:00:00, Sys 0 00:00:00  -  Run Local Usage
		Usr 0 00:05:19, Sys 0 00:03:12  -  Total Remote Usage
		Usr 0 00:00:00, Sys 0 00:00:00  -  Total Local Usage
	0  -  Run Bytes Sent By Job
	0  -  Run Bytes Received By Job
	0  -  Total Bytes Sent By Job
	0  -  Total Bytes Received By Job
	Partitionable Resources :    Usage  Request          
	   Cpus                 :                 1          
	   Disk (KB)            :      225      225          
	   Memory (MB)          :      733      733          
...
