agent: rmax
env: fuelworld
Environment is episodic.
set statesPerDim to 0 for all dim
feature 0 has range 20
feature 1 has range 30
feature 2 has range 61
reward range: 400
Exploration Model 0, v: 0, n: 0
-417
-419.4
-417.4
-418.2
-417.8
-418
-419
-419.2
-418.2
-418.6
-417.8
-417.2
-420.4
-419.2
-422.8
-418.8
-417.8
-420.2
-418.6
-419.4
-417.8
-420.2
-420.2
-420.2
-420.4
-421.2
-422.4
-421.6
-420.2
-421
-422
-420.2
-417.2
-422
-418.8
-417.2
-418.8
-418.2
-419.4
-416
-417.8
-416.8
-420
-1575
-421
-420.2
-419.6
-422.4
-419.8
-418
-419.6
-421.4
-422.4
-419.8
-417.4
-419.6
-420.2
-421
-416.4
-419.2
-419.2
-418.6
-421
-421.2
-416
-417.2
-420.2
-418.6
-417.8
-419.2
-416.4
-420.2
-418.2
-419.4
-418
-417.4
-417.2
-417
-422
-421.8
-422
-421.6
-420.4
-422
-420.8
-417.4
-419
-421.6
-422
-414.8
-421.2
-422
-420.2
-416.4
-417.4
-416.2
-416
-420.4
-421.2
-415.6
-419
-420
-419.4
-416.8
-418.8
-421
-420.2
-416.6
-416.4
-416
-423.2
-417.2
-418.6
-417.2
-418.8
-419
-419.8
-418.4
-420.2
-417.2
-420
-418.6
-416.8
-417.8
-420.8
-416.8
-419.4
-420.8
-417
-419
-418.4
-416.4
-417
-420.8
-421.4
-419.8
-422.8
-418.4
-596.4
-423.6
-421
-415.6
-417.8
-417.4
-421.2
-421.4
-419.2
-419
-416.4
-416.4
-417.6
-418.2
-418
-418.6
-420.4
-419.8
-419.6
-420.2
-417.8
-420.2
-418.6
-416.4
-418.2
-418.2
-418.2
-417.8
-419.6
-422.4
-422.8
-419.8
-418.2
-420.8
-420.8
-422
-415.2
-419.6
-418.6
-417.2
-418.8
-419.6
-420.2
-417.6
-418.6
-416
-420
-417.4
-420.4
-422.4
-416.2
-416
-420
-418.4
-419.4
-422.4
-421.2
-420.2
-415.2
-419.2
-422.8
-420
-419.4
-424
-415.6
-419.8
-420.2
-417.8
-418.4
-419.6
-419.4
-417.4
-420.6
-417.8
-417.4
-421.6
-420.8
-422.4
-422.8
-420
-416.4
-420.8
-416.8
-419.4
-416.4
-419
-419.4
-418.8
-421.4
-418
-418.6
-421.4
-416
-419.4
-416.8
-419.8
-421.8
-416.8
-419.4
-416.8
-419
-421.6
-419.4
-420
-419
-419.8
-418.2
-416.8
-418.2
-418
-421.6
-419.2
-420
-416.8
-416.8
-421.8
-419
-418
-417.8
-417.2
-421.4
-418.4
-417.8
-420.6
-418
-417.2
-418.2
-419.4
-416.4
-418.4
-420.2
-416.6
-421.2
-419.8
-419
-416.4
-420.6
-421.4
-420.8
-419.4
-415.2
-421.2
-421.4
-419.2
-421.6
-419
-418.6
-420.2
-419.6
-419.4
-419.8
-416.8
-421.2
-417
-419.8
-417.6
-418.2
-416
-419.6
-421.6
-418.8
-416.4
-417.2
-421.2
-419.6
-415.6
-421
-422.8
-420.6
-418
-419.8
-420.4
-418.2
-418.4
-416.4
-420.8
-420.6
-421.4
-421.6
-423.2
-415.6
-1333.2
-419
-422
-419.6
-421.6
-700.8
-418
-420
-419
-422
-418.4
-418
-421.2
-417.6
-417.6
-420.2
-418.4
-418.8
-421
-419.2
-418.8
-418.4
-418.6
-418.6
-418
-421
-416
-418.4
-420.6
-421.2
-421.4
-415.6
-422
-421
-420.4
-422
-421
-421.4
-416.4
-418.8
-417.6
-420.6
-416
-418.4
-421.2
-423.2
-421.8
-418.2
-417.2
-421
-418.2
-421
-420.8
-418
-423.2
-417.4
-421.2
-419
-419.6
-419.4
-418.2
-418.4
-417.2
-420.2
-419.8
-420.6
-423.2
-418
-419.6
-416
-419
-417.8
-419.4
-421.8
-421.4
-418.4
-417.8
-416.2
-420.6
-419
-420
-422.4
-422
-420.8
-417.8
-418.2
-416.8
-418.2
-418.8
-419.2
-420
-420.4
-417.8
-417.2
-420.8
-421
-419.6
-417.2
-420.4
-419.4
-422
-421
-419.8
-419.8
-420.2
-416.4
-417.8
-419.8
-418.6
-419.4
-422.4
-418.2
-416.8
-422.4
-419.4
-416
-417
-420.2
-416
-421.6
-418.8
-418
-417.4
-421.8
-421.2
-420
-418.8
-418.4
-417.6
-417.2
-418.2
-417.6
-422
-418
-419
-421.6
-416.8
-423.2
-417.4
-418.2
-422.4
-419.2
-418
-421.6
-421
-420.6
-419.6
-422.8
-416.8
-421.2
-419.2
-420
-419.6
-417.2
-416.2
-416.8
-417.2
-421.2
-420
-420.2
-421.6
-420.2
-420.2
-418.6
-420.6
-420.2
-421.2
-419
-418.4
-417.6
-418.6
-420
-421.2
-420
-422
-419.6
-417
-418
-418
-418
-416
-414.8
-422.4
-418.8
-421.6
-417.2
-419.8
-419.2
-419.2
-418.6
-418
-421
-417.4
-421.2
-417.6
-420
-419.6
-419
-422.4
-416.8
-417.8
-416.8
-417.2
-422
-421.2
-416.4
-417
-416.8
-419.4
-422
-420.6
-417.2
-416
-416.4
-420.4
-418.8
-421
-416.8
-416
-422.4
-420.6
-418.2
-422.8
-421.6
-419.6
-419.6
-416
-421.6
-420.4
-416
-419
-418.2
-417
-420.2
-419.8
-418
-419
-416.2
-419.2
-416.2
-418.8
-740
-418.8
-421.4
-416
-418.8
-417.2
-418
-420.6
-418.2
-421.6
-416.8
-420.2
-418.2
-419.6
-417.2
-421.2
-420.8
-415.6
-419.8
-418.2
-417.8
-421.4
-416.6
-420.8
-419.2
-418.8
-417.6
-418.2
-416.8
-420
-417
-420.2
-421.4
-948.6
-420.4
-419.2
-420.6
-416.8
-421.2
-422
-511.2
-417.8
-418
-422.4
-415.6
-420.2
-419.8
-422.4
-417.8
-418.8
-1410
-417.2
-417.4
-419.4
-422.4
-415.2
-419.8
-417.2
-420.6
-416.4
-414.8
-416.4
-417.2
-418.2
-418
-416.4
-421.6
-417.4
-416.8
-417.4
-417.8
-418.6
-420.8
-420
-417.6
-419.4
-419.6
-416.8
-416.8
-420
-420.6
-421.4
-419.2
-418.8
-417.8
-420.4
-419.8
-904.8
-421
-423.2
-422
-421
-418.6
-418
-419.6
-418.8
-416
-416.4
-422.8
-420.6
-416
-417.2
-420.4
-416
-421
-415.2
-419
-417.8
-418.8
-418.4
-420
-1163.2
-420.6
-420.6
-419.2
-418
-422.8
-421.6
-420.4
-421.2
-416
-419.8
-419.4
-417.4
-419.6
-421
-419
-420.4
-417.6
-418.2
-421.6
-420.2
-420.2
-416.8
-420.6
-421
-416.6
-420
-416.8
-417.6
-419
-421
-419.2
-416.6
-420.4
-418.2
-420.8
-417.2
-420.8
-421
-419
-422.2
-418
-418.8
-416.6
-418
-420.6
-421
-416.8
-417.8
-420.2
-638.2
-423.2
-416.6
-417
-417.8
-421.6
-421.4
-419.6
-416
-420.2
-420.6
-421.2
-419.2
-419.4
-421
-417.6
-420.8
-419
-422.2
-416.6
-421.2
-422
-420.2
-418.8
-419
-421.8
-417.4
-422.4
-417.8
-421.2
-416.8
-421.2
-419
-419
-421.2
-420.2
-419
-419
-419.8
-421.6
-417.6
-415.8
-421.6
-417.6
-418.8
-417.8
-421
-420.6
-420.4
-419.4
-420
-422.4
-421.6
-417.6
-418.6
-420
-418.6
-416.8
-420
-419.6
-1663.4
-416.8
-421
-418.2
-416.8
-420.4
-420.6
-418.4
-418.8
-422
-416.8
-420
-416.4
-419.2
-420.6
-421.6
-422.2
-607.6
-417.4
-420.4
-901.4
-418.2
-418.2
-417.8
-420.2
-418
-418
-420.2
-419.4
-421
-419.4
-416
-418.6
-419
-419.2
-417
-419.6
-419
-417.4
-420.6
-416
-417.4
-417.8
-416.4
-417.4
-420
-418.4
-418.6
-416.8
-420.6
-419.2
-601.6
-423.2
-421.6
-418
-420.8
-416
-417.8
-416.8
-421.4
-418.4
-417.4
-419.8
-416.4
-419
-420
-416.4
-418.2
-420.8
-417.6
-422.2
-418.6
-416.8
-421.6
-419.6
-420.8
-418
-417.6
-418.8
-420.4
-420.6
-422.4
-416.4
-418.8
-417.6
-418.8
-420.4
-416
-417
-419
-419.8
-420
-420.4
-417.8
-421.2
-416
-421
-421
-416.4
-416.4
-416
-418
-419.6
-416
-609.4
-420.8
-418.8
-416
-421.6
-420
-422.4
-422.8
-418.2
-417.2
-420.6
-419.6
-422
-418.6
-422.8
-419.4
-420.6
-420.8
-416.8
-420
-420.2
-417.6
-422
-420.2
-417
-421.6
-421
-420.6
-421.6
-422.4
-420.2
-419.8
-419.6
-417.2
-420.2
-419.8
-419.2
-421.2
-421.2
-418.2
-416.8
-420.6
-417
-422.8
-419
-418.4
-416.2
-417.4
-417.2
-420
-421.2
-416.4
-423.6
-418.4
-419.2
-418.4
-419.2
-420.8
-417.2
-417.4
-422.8
-420
-419.2
-419.4
-419.6
-422.4
-418.8
-420
-417.2
-417.2
-420
-417.2
-420.4
-417.6
-416.4
-419.8
-418.2
-418.8
-421.6
-417.8
-419
-885.8
-418.6
-420.6
-420.6
-422.8
-422.4
-419.6
-418.2
-419
-421.8
-423.2
-417.2
-419.2
-419.6
-418.8
-421
-419.8
-420.4
-418
-419
-420.6
-416.8
-421.8
-417
-419.6
-417.2
-416.8
-417.8
-421.6
-417.8
-418.2
-416
-416.8
-420.6
