agent: rmax
env: asterix
Environment is episodic.
set statesPerDim to 0 for all dim
feature 0 has range 30
feature 1 has range 30
feature 2 has range 30
reward range: 1001
Exploration Model 0, v: 0, n: 0
-995
-995
-995
-992
-994
-987
-996
-994
-985
-994
-994
-996
-992
-995
-995
-996
-995
-989
-994
-994
-992
-991
-968
-994
-990
-994
-996
-994
-995
-995
-993
-994
-994
-994
-994
-994
-990
-994
-996
-997
-993
-994
-995
-990
-981
-994
-995
-981
-994
-994
-994
-981
-994
-993
-996
-993
-993
-994
-994
-996
-994
-996
-994
-994
-994
-996
-981
-995
-995
-991
-996
-996
-992
-996
-990
-989
-983
-993
-991
-996
-994
-994
-994
-995
-991
-995
-995
-995
-994
-996
-981
-991
-995
-994
-994
-982
-996
-994
-994
-994
-994
-982
-994
-994
-994
-996
-968
-991
-982
-995
-994
-994
-994
-980
-982
-991
-995
-994
-994
-984
-984
-994
-994
-981
-995
-983
-994
-996
-996
-995
-995
-983
-994
-983
-994
-994
-994
-982
-988
-994
-983
-982
-988
-986
-994
-996
-995
-991
-996
-982
-991
-995
-973
-994
-976
-982
-971
-959
-994
-994
-983
-946
-995
-995
-973
-994
-996
-996
-994
-973
-994
-985
-982
-994
-995
-996
-995
-978
-994
-994
-996
-995
-994
-994
-994
-996
-996
-994
-994
-994
-994
-997
-994
-991
-996
-994
-994
-997
-991
-994
-983
-995
-985
-982
-988
-991
-995
-996
-994
-991
-991
-994
-994
-994
-973
-991
-982
-958
-994
-995
-971
-976
-994
-996
-994
-994
-994
-997
-996
-994
-994
-994
-982
-996
-976
-994
-994
-994
-996
-994
-994
-994
-982
-991
-994
-994
-982
-994
-994
-996
-918
-981
-994
-994
-994
-981
-995
-988
-994
-994
-994
-996
-982
-995
-994
-973
-996
-994
-994
-994
-995
-986
-983
-966
-994
-991
-956
-994
-994
-991
-994
-980
-988
-952
-981
-996
-994
-994
-994
-994
-996
-995
-996
-991
-994
-994
-994
-994
-994
-994
-991
-995
-996
-986
-994
-994
-994
-996
-994
-975
-982
-995
-994
-994
-994
-995
-967
-991
-991
-994
-996
-973
-995
-991
-983
-976
-994
-994
-994
-996
-932
-982
-994
-988
-972
-991
-994
-994
-994
-981
-991
-991
-983
-994
-994
-991
-983
-978
-995
-995
-947
-995
-991
-981
-994
-991
-981
-960
-994
-994
-996
-995
-994
-994
-994
-980
-983
-994
-994
-995
-985
-995
-995
-976
-995
-979
-994
-994
-976
-994
-994
-994
-996
-994
-997
-954
-994
-994
-994
-996
-995
-984
-991
-991
-982
-991
-995
-981
-995
-976
-995
-994
-996
-994
-995
-982
-997
-994
-994
-996
-988
-994
-994
-983
-969
-994
-994
-995
-996
-994
-980
-996
-974
-994
-994
-994
-994
-994
-959
-996
-986
-996
-994
-994
-994
-994
-994
-994
-994
-996
-983
-991
-982
-996
-994
-994
-994
-980
-994
-979
-972
-984
-991
-994
-966
-994
-994
-994
-960
-996
-994
-994
-988
-971
-981
-995
-991
-995
-988
-994
-994
-994
-994
-994
-980
-988
-995
-985
-995
-995
-973
-994
-988
-988
-994
-973
-994
-994
-994
-982
-988
-996
-994
-995
-988
-994
-991
-994
-994
-994
-994
-994
-975
-982
-991
-995
-984
-995
-981
-975
-994
-994
-994
-996
-994
-996
-994
-995
-983
-994
-994
-994
-994
-994
-994
-995
-994
-994
-994
-994
-994
-994
-994
-994
-996
-994
-996
-994
-994
-994
-996
-970
-994
-994
-994
-994
-994
-996
-995
-994
-995
-983
-996
-994
-996
-994
-995
-991
-994
-996
-995
-996
-996
-995
-991
-996
-984
-995
-976
-995
-995
-991
-991
-986
-994
-994
-994
-994
-996
-995
-991
-996
-995
-987
-995
-995
-994
-980
-988
-994
-997
-994
-994
-982
-987
-983
-994
-994
-994
-994
-994
-994
-994
-995
-987
-982
-991
-994
-994
-994
-996
-981
-994
-996
-994
-994
-991
-975
-995
-985
-994
-982
-995
-996
-974
-994
-982
-994
-994
-994
-982
-991
-994
-981
-994
-994
-996
-995
-994
-994
-995
-983
-991
-994
-994
-994
-994
-994
-996
-991
-996
-994
-994
-994
-994
-995
-996
-995
-995
-982
-997
-994
-994
-994
-984
-991
-994
-994
-994
-994
-994
-997
-995
-991
-984
-994
-994
-984
-991
-994
-991
-994
-994
-994
-974
-978
-994
-995
-994
-982
-995
-991
-996
-994
-994
-994
-995
-976
-985
-991
-976
-994
-994
-996
-994
-980
-995
-988
-994
-996
-981
-995
-985
-994
-996
-983
-995
-996
-982
-973
-994
-994
-978
-994
-994
-994
-996
-983
-984
-988
-978
-996
-995
-978
-981
-994
-981
-982
-976
-994
-996
-984
-996
-994
-994
-974
-996
-994
-994
-973
-994
-996
-995
-983
-983
-994
-996
-981
-994
-996
-976
-994
-994
-994
-994
-984
-994
-994
-983
-982
-981
-994
-994
-981
-984
-994
-994
-995
-976
-995
-996
-973
-995
-995
-985
-994
-994
-960
-957
-994
-988
-978
-995
-981
-991
-978
-995
-994
-994
-994
-994
-982
-996
-978
-994
-994
-994
-994
-974
-994
-980
-994
-994
-975
-994
-995
-987
-991
-982
-995
-996
-978
-996
-995
-991
-982
-994
-990
-985
-980
-994
-996
-995
-991
-994
-996
-994
-981
-986
-991
-974
-983
-994
-994
-982
-970
-997
-982
-982
-983
-995
-991
-995
-982
-991
-991
-994
-996
-971
-981
-975
-994
-991
-994
-945
-995
-984
-994
-996
-994
-994
-994
-982
-983
-995
-986
-991
-996
-983
-995
-996
-957
-995
-994
-994
-994
-994
-980
-983
-969
-994
-982
-991
-972
-994
-994
-994
-994
-995
-991
-988
-994
-994
-996
-969
-991
-994
-994
-994
-994
-996
-994
-994
-997
-995
-996
-959
-994
-994
-994
-996
-984
-994
-994
-994
-994
-995
-994
-994
-994
-994
-996
-980
-996
-974
-981
-994
-994
-983
-984
-994
-995
-997
-996
-995
-976
-994
-982
-997
-994
-982
-981
-988
-994
-994
-994
-994
-996
-994
-994
-994
-978
-996
-994
-994
-978
-994
-969
-994
-994
-995
-995
-995
-975
-983
-996
-975
-994
-994
-994
-996
-983
-994
-991
-994
-996
-996
-994
-983
-994
-983
-983
-994
-996
-991
-991
-995
-994
-994
-994
