000 (1480329.000.000) 12/24 06:12:22 Job submitted from host: <128.83.130.186:52181>
...
000 (1480329.001.000) 12/24 06:12:22 Job submitted from host: <128.83.130.186:52181>
...
000 (1480329.002.000) 12/24 06:12:22 Job submitted from host: <128.83.130.186:52181>
...
000 (1480329.003.000) 12/24 06:12:22 Job submitted from host: <128.83.130.186:52181>
...
000 (1480329.004.000) 12/24 06:12:22 Job submitted from host: <128.83.130.186:52181>
...
000 (1480329.005.000) 12/24 06:12:22 Job submitted from host: <128.83.130.186:52181>
...
000 (1480329.006.000) 12/24 06:12:22 Job submitted from host: <128.83.130.186:52181>
...
000 (1480329.007.000) 12/24 06:12:22 Job submitted from host: <128.83.130.186:52181>
...
000 (1480329.008.000) 12/24 06:12:22 Job submitted from host: <128.83.130.186:52181>
...
000 (1480329.009.000) 12/24 06:12:22 Job submitted from host: <128.83.130.186:52181>
...
000 (1480329.010.000) 12/24 06:12:22 Job submitted from host: <128.83.130.186:52181>
...
000 (1480329.011.000) 12/24 06:12:22 Job submitted from host: <128.83.130.186:52181>
...
000 (1480329.012.000) 12/24 06:12:22 Job submitted from host: <128.83.130.186:52181>
...
000 (1480329.013.000) 12/24 06:12:22 Job submitted from host: <128.83.130.186:52181>
...
000 (1480329.014.000) 12/24 06:12:22 Job submitted from host: <128.83.130.186:52181>
...
000 (1480329.015.000) 12/24 06:12:22 Job submitted from host: <128.83.130.186:52181>
...
000 (1480329.016.000) 12/24 06:12:22 Job submitted from host: <128.83.130.186:52181>
...
000 (1480329.017.000) 12/24 06:12:22 Job submitted from host: <128.83.130.186:52181>
...
000 (1480329.018.000) 12/24 06:12:22 Job submitted from host: <128.83.130.186:52181>
...
000 (1480329.019.000) 12/24 06:12:22 Job submitted from host: <128.83.130.186:52181>
...
000 (1480329.020.000) 12/24 06:12:22 Job submitted from host: <128.83.130.186:52181>
...
000 (1480329.021.000) 12/24 06:12:22 Job submitted from host: <128.83.130.186:52181>
...
000 (1480329.022.000) 12/24 06:12:22 Job submitted from host: <128.83.130.186:52181>
...
000 (1480329.023.000) 12/24 06:12:22 Job submitted from host: <128.83.130.186:52181>
...
000 (1480329.024.000) 12/24 06:12:22 Job submitted from host: <128.83.130.186:52181>
...
000 (1480329.025.000) 12/24 06:12:22 Job submitted from host: <128.83.130.186:52181>
...
000 (1480329.026.000) 12/24 06:12:22 Job submitted from host: <128.83.130.186:52181>
...
000 (1480329.027.000) 12/24 06:12:22 Job submitted from host: <128.83.130.186:52181>
...
000 (1480329.028.000) 12/24 06:12:22 Job submitted from host: <128.83.130.186:52181>
...
000 (1480329.029.000) 12/24 06:12:22 Job submitted from host: <128.83.130.186:52181>
...
000 (1480329.030.000) 12/24 06:12:22 Job submitted from host: <128.83.130.186:52181>
...
000 (1480329.031.000) 12/24 06:12:22 Job submitted from host: <128.83.130.186:52181>
...
000 (1480329.032.000) 12/24 06:12:22 Job submitted from host: <128.83.130.186:52181>
...
000 (1480329.033.000) 12/24 06:12:22 Job submitted from host: <128.83.130.186:52181>
...
000 (1480329.034.000) 12/24 06:12:22 Job submitted from host: <128.83.130.186:52181>
...
000 (1480329.035.000) 12/24 06:12:22 Job submitted from host: <128.83.130.186:52181>
...
000 (1480329.036.000) 12/24 06:12:22 Job submitted from host: <128.83.130.186:52181>
...
000 (1480329.037.000) 12/24 06:12:22 Job submitted from host: <128.83.130.186:52181>
...
000 (1480329.038.000) 12/24 06:12:22 Job submitted from host: <128.83.130.186:52181>
...
000 (1480329.039.000) 12/24 06:12:22 Job submitted from host: <128.83.130.186:52181>
...
000 (1480329.040.000) 12/24 06:12:22 Job submitted from host: <128.83.130.186:52181>
...
000 (1480329.041.000) 12/24 06:12:22 Job submitted from host: <128.83.130.186:52181>
...
000 (1480329.042.000) 12/24 06:12:22 Job submitted from host: <128.83.130.186:52181>
...
000 (1480329.043.000) 12/24 06:12:22 Job submitted from host: <128.83.130.186:52181>
...
000 (1480329.044.000) 12/24 06:12:22 Job submitted from host: <128.83.130.186:52181>
...
000 (1480329.045.000) 12/24 06:12:22 Job submitted from host: <128.83.130.186:52181>
...
000 (1480329.046.000) 12/24 06:12:22 Job submitted from host: <128.83.130.186:52181>
...
000 (1480329.047.000) 12/24 06:12:23 Job submitted from host: <128.83.130.186:52181>
...
000 (1480329.048.000) 12/24 06:12:23 Job submitted from host: <128.83.130.186:52181>
...
000 (1480329.049.000) 12/24 06:12:23 Job submitted from host: <128.83.130.186:52181>
...
001 (1480329.002.000) 12/24 06:12:39 Job executing on host: <128.83.139.173:37351>
...
001 (1480329.000.000) 12/24 06:12:39 Job executing on host: <128.83.139.225:38871>
...
001 (1480329.001.000) 12/24 06:12:39 Job executing on host: <128.83.139.225:38871>
...
001 (1480329.004.000) 12/24 06:12:39 Job executing on host: <128.83.139.182:49473>
...
001 (1480329.007.000) 12/24 06:12:39 Job executing on host: <128.83.139.181:49218>
...
001 (1480329.006.000) 12/24 06:12:39 Job executing on host: <128.83.139.229:50283>
...
001 (1480329.003.000) 12/24 06:12:39 Job executing on host: <128.83.139.185:37132>
...
001 (1480329.008.000) 12/24 06:12:39 Job executing on host: <128.83.139.181:49218>
...
001 (1480329.005.000) 12/24 06:12:39 Job executing on host: <128.83.139.205:35206>
...
001 (1480329.009.000) 12/24 06:12:39 Job executing on host: <128.83.139.209:39654>
...
001 (1480329.010.000) 12/24 06:12:39 Job executing on host: <128.83.139.209:39654>
...
001 (1480329.011.000) 12/24 06:12:39 Job executing on host: <128.83.120.227:33339>
...
001 (1480329.013.000) 12/24 06:12:39 Job executing on host: <128.83.139.195:33623>
...
001 (1480329.012.000) 12/24 06:12:39 Job executing on host: <128.83.139.195:33623>
...
001 (1480329.014.000) 12/24 06:12:39 Job executing on host: <128.83.139.195:33623>
...
001 (1480329.015.000) 12/24 06:12:39 Job executing on host: <128.83.139.195:33623>
...
001 (1480329.018.000) 12/24 06:12:39 Job executing on host: <128.83.139.195:33623>
...
001 (1480329.019.000) 12/24 06:12:39 Job executing on host: <128.83.139.186:57679>
...
001 (1480329.020.000) 12/24 06:12:39 Job executing on host: <128.83.139.186:57679>
...
001 (1480329.021.000) 12/24 06:12:40 Job executing on host: <128.83.139.186:57679>
...
001 (1480329.016.000) 12/24 06:12:40 Job executing on host: <128.83.139.195:33623>
...
001 (1480329.022.000) 12/24 06:12:40 Job executing on host: <128.83.139.178:57222>
...
001 (1480329.023.000) 12/24 06:12:40 Job executing on host: <128.83.139.178:57222>
...
001 (1480329.024.000) 12/24 06:12:40 Job executing on host: <128.83.139.178:57222>
...
001 (1480329.025.000) 12/24 06:12:40 Job executing on host: <128.83.139.202:44362>
...
001 (1480329.026.000) 12/24 06:12:40 Job executing on host: <128.83.139.202:44362>
...
001 (1480329.027.000) 12/24 06:12:40 Job executing on host: <128.83.139.202:44362>
...
001 (1480329.029.000) 12/24 06:12:40 Job executing on host: <128.83.139.202:44362>
...
001 (1480329.030.000) 12/24 06:12:40 Job executing on host: <128.83.139.194:48247>
...
001 (1480329.031.000) 12/24 06:12:40 Job executing on host: <128.83.139.194:48247>
...
001 (1480329.032.000) 12/24 06:12:40 Job executing on host: <128.83.139.194:48247>
...
001 (1480329.033.000) 12/24 06:12:40 Job executing on host: <128.83.139.231:58877>
...
001 (1480329.034.000) 12/24 06:12:40 Job executing on host: <128.83.139.231:58877>
...
001 (1480329.035.000) 12/24 06:12:40 Job executing on host: <128.83.139.231:58877>
...
001 (1480329.036.000) 12/24 06:12:40 Job executing on host: <128.83.139.231:58877>
...
001 (1480329.037.000) 12/24 06:12:40 Job executing on host: <128.83.139.196:42820>
...
001 (1480329.039.000) 12/24 06:12:40 Job executing on host: <128.83.144.244:45389>
...
001 (1480329.040.000) 12/24 06:12:40 Job executing on host: <128.83.144.244:45389>
...
001 (1480329.038.000) 12/24 06:12:40 Job executing on host: <128.83.139.196:42820>
...
001 (1480329.041.000) 12/24 06:12:40 Job executing on host: <128.83.144.244:45389>
...
001 (1480329.042.000) 12/24 06:12:40 Job executing on host: <128.83.144.244:45389>
...
001 (1480329.043.000) 12/24 06:12:40 Job executing on host: <128.83.139.175:39127>
...
001 (1480329.044.000) 12/24 06:12:40 Job executing on host: <128.83.139.175:39127>
...
001 (1480329.045.000) 12/24 06:12:40 Job executing on host: <128.83.139.175:39127>
...
001 (1480329.048.000) 12/24 06:12:40 Job executing on host: <128.83.139.201:48885>
...
001 (1480329.047.000) 12/24 06:12:40 Job executing on host: <128.83.139.201:48885>
...
001 (1480329.049.000) 12/24 06:12:40 Job executing on host: <128.83.139.201:48885>
...
001 (1480329.046.000) 12/24 06:12:40 Job executing on host: <128.83.139.175:39127>
...
001 (1480329.017.000) 12/24 06:12:41 Job executing on host: <128.83.144.245:37285>
...
001 (1480329.028.000) 12/24 06:12:41 Job executing on host: <128.83.144.245:37285>
...
006 (1480329.019.000) 12/24 06:12:48 Image size of job updated: 694888
	528  -  MemoryUsage of job (MB)
	539896  -  ResidentSetSize of job (KB)
...
006 (1480329.020.000) 12/24 06:12:48 Image size of job updated: 720840
	556  -  MemoryUsage of job (MB)
	568400  -  ResidentSetSize of job (KB)
...
006 (1480329.016.000) 12/24 06:12:48 Image size of job updated: 225
	3  -  MemoryUsage of job (MB)
	2192  -  ResidentSetSize of job (KB)
...
006 (1480329.021.000) 12/24 06:12:48 Image size of job updated: 746792
	581  -  MemoryUsage of job (MB)
	594276  -  ResidentSetSize of job (KB)
...
006 (1480329.022.000) 12/24 06:12:48 Image size of job updated: 105696
	3  -  MemoryUsage of job (MB)
	2656  -  ResidentSetSize of job (KB)
...
006 (1480329.023.000) 12/24 06:12:48 Image size of job updated: 90848
	3  -  MemoryUsage of job (MB)
	2656  -  ResidentSetSize of job (KB)
...
006 (1480329.024.000) 12/24 06:12:48 Image size of job updated: 225
	3  -  MemoryUsage of job (MB)
	2184  -  ResidentSetSize of job (KB)
...
006 (1480329.025.000) 12/24 06:12:48 Image size of job updated: 105692
	3  -  MemoryUsage of job (MB)
	2792  -  ResidentSetSize of job (KB)
...
006 (1480329.026.000) 12/24 06:12:48 Image size of job updated: 90848
	3  -  MemoryUsage of job (MB)
	2816  -  ResidentSetSize of job (KB)
...
006 (1480329.027.000) 12/24 06:12:48 Image size of job updated: 90848
	3  -  MemoryUsage of job (MB)
	2656  -  ResidentSetSize of job (KB)
...
006 (1480329.029.000) 12/24 06:12:48 Image size of job updated: 225
	3  -  MemoryUsage of job (MB)
	2188  -  ResidentSetSize of job (KB)
...
006 (1480329.030.000) 12/24 06:12:48 Image size of job updated: 779232
	611  -  MemoryUsage of job (MB)
	625424  -  ResidentSetSize of job (KB)
...
006 (1480329.031.000) 12/24 06:12:48 Image size of job updated: 779232
	613  -  MemoryUsage of job (MB)
	627008  -  ResidentSetSize of job (KB)
...
006 (1480329.032.000) 12/24 06:12:48 Image size of job updated: 779232
	613  -  MemoryUsage of job (MB)
	627012  -  ResidentSetSize of job (KB)
...
006 (1480329.033.000) 12/24 06:12:48 Image size of job updated: 805184
	638  -  MemoryUsage of job (MB)
	652880  -  ResidentSetSize of job (KB)
...
006 (1480329.035.000) 12/24 06:12:48 Image size of job updated: 655960
	493  -  MemoryUsage of job (MB)
	503952  -  ResidentSetSize of job (KB)
...
006 (1480329.034.000) 12/24 06:12:48 Image size of job updated: 714352
	549  -  MemoryUsage of job (MB)
	562100  -  ResidentSetSize of job (KB)
...
006 (1480329.036.000) 12/24 06:12:48 Image size of job updated: 798696
	632  -  MemoryUsage of job (MB)
	646540  -  ResidentSetSize of job (KB)
...
006 (1480329.037.000) 12/24 06:12:48 Image size of job updated: 552152
	390  -  MemoryUsage of job (MB)
	399184  -  ResidentSetSize of job (KB)
...
006 (1480329.039.000) 12/24 06:12:48 Image size of job updated: 649472
	486  -  MemoryUsage of job (MB)
	497184  -  ResidentSetSize of job (KB)
...
006 (1480329.002.000) 12/24 06:12:48 Image size of job updated: 480784
	329  -  MemoryUsage of job (MB)
	336176  -  ResidentSetSize of job (KB)
...
006 (1480329.000.000) 12/24 06:12:48 Image size of job updated: 792208
	625  -  MemoryUsage of job (MB)
	639940  -  ResidentSetSize of job (KB)
...
006 (1480329.001.000) 12/24 06:12:48 Image size of job updated: 733816
	568  -  MemoryUsage of job (MB)
	581604  -  ResidentSetSize of job (KB)
...
006 (1480329.004.000) 12/24 06:12:48 Image size of job updated: 225
	3  -  MemoryUsage of job (MB)
	2188  -  ResidentSetSize of job (KB)
...
006 (1480329.007.000) 12/24 06:12:48 Image size of job updated: 90848
	3  -  MemoryUsage of job (MB)
	2652  -  ResidentSetSize of job (KB)
...
006 (1480329.008.000) 12/24 06:12:48 Image size of job updated: 225
	3  -  MemoryUsage of job (MB)
	2192  -  ResidentSetSize of job (KB)
...
006 (1480329.006.000) 12/24 06:12:48 Image size of job updated: 225
	3  -  MemoryUsage of job (MB)
	2188  -  ResidentSetSize of job (KB)
...
006 (1480329.003.000) 12/24 06:12:48 Image size of job updated: 225
	3  -  MemoryUsage of job (MB)
	2192  -  ResidentSetSize of job (KB)
...
006 (1480329.005.000) 12/24 06:12:48 Image size of job updated: 677392
	588  -  MemoryUsage of job (MB)
	601468  -  ResidentSetSize of job (KB)
...
006 (1480329.009.000) 12/24 06:12:48 Image size of job updated: 90848
	3  -  MemoryUsage of job (MB)
	2656  -  ResidentSetSize of job (KB)
...
006 (1480329.010.000) 12/24 06:12:48 Image size of job updated: 225
	3  -  MemoryUsage of job (MB)
	2192  -  ResidentSetSize of job (KB)
...
006 (1480329.011.000) 12/24 06:12:48 Image size of job updated: 225
	3  -  MemoryUsage of job (MB)
	2192  -  ResidentSetSize of job (KB)
...
006 (1480329.013.000) 12/24 06:12:48 Image size of job updated: 162872
	7  -  MemoryUsage of job (MB)
	7140  -  ResidentSetSize of job (KB)
...
006 (1480329.014.000) 12/24 06:12:48 Image size of job updated: 162872
	5  -  MemoryUsage of job (MB)
	5028  -  ResidentSetSize of job (KB)
...
006 (1480329.012.000) 12/24 06:12:48 Image size of job updated: 162872
	9  -  MemoryUsage of job (MB)
	8984  -  ResidentSetSize of job (KB)
...
006 (1480329.015.000) 12/24 06:12:48 Image size of job updated: 90848
	3  -  MemoryUsage of job (MB)
	2660  -  ResidentSetSize of job (KB)
...
006 (1480329.018.000) 12/24 06:12:48 Image size of job updated: 90848
	3  -  MemoryUsage of job (MB)
	2656  -  ResidentSetSize of job (KB)
...
006 (1480329.040.000) 12/24 06:12:49 Image size of job updated: 532688
	372  -  MemoryUsage of job (MB)
	380388  -  ResidentSetSize of job (KB)
...
006 (1480329.041.000) 12/24 06:12:49 Image size of job updated: 707864
	543  -  MemoryUsage of job (MB)
	555584  -  ResidentSetSize of job (KB)
...
006 (1480329.038.000) 12/24 06:12:49 Image size of job updated: 558640
	397  -  MemoryUsage of job (MB)
	405780  -  ResidentSetSize of job (KB)
...
006 (1480329.042.000) 12/24 06:12:49 Image size of job updated: 792208
	625  -  MemoryUsage of job (MB)
	639932  -  ResidentSetSize of job (KB)
...
006 (1480329.043.000) 12/24 06:12:49 Image size of job updated: 162872
	9  -  MemoryUsage of job (MB)
	8720  -  ResidentSetSize of job (KB)
...
006 (1480329.044.000) 12/24 06:12:49 Image size of job updated: 162872
	7  -  MemoryUsage of job (MB)
	6872  -  ResidentSetSize of job (KB)
...
006 (1480329.045.000) 12/24 06:12:49 Image size of job updated: 90848
	3  -  MemoryUsage of job (MB)
	2656  -  ResidentSetSize of job (KB)
...
006 (1480329.047.000) 12/24 06:12:49 Image size of job updated: 90848
	3  -  MemoryUsage of job (MB)
	2660  -  ResidentSetSize of job (KB)
...
006 (1480329.048.000) 12/24 06:12:49 Image size of job updated: 105692
	3  -  MemoryUsage of job (MB)
	2656  -  ResidentSetSize of job (KB)
...
006 (1480329.049.000) 12/24 06:12:49 Image size of job updated: 225
	3  -  MemoryUsage of job (MB)
	2196  -  ResidentSetSize of job (KB)
...
006 (1480329.046.000) 12/24 06:12:49 Image size of job updated: 225
	3  -  MemoryUsage of job (MB)
	2192  -  ResidentSetSize of job (KB)
...
006 (1480329.028.000) 12/24 06:12:50 Image size of job updated: 694888
	530  -  MemoryUsage of job (MB)
	542268  -  ResidentSetSize of job (KB)
...
006 (1480329.017.000) 12/24 06:12:50 Image size of job updated: 766256
	596  -  MemoryUsage of job (MB)
	609588  -  ResidentSetSize of job (KB)
...
006 (1480329.011.000) 12/24 06:13:54 Image size of job updated: 1008484
	3  -  MemoryUsage of job (MB)
	2192  -  ResidentSetSize of job (KB)
...
004 (1480329.011.000) 12/24 06:13:54 Job was evicted.
	(0) Job was not checkpointed.
		Usr 0 00:01:28, Sys 0 00:00:53  -  Run Remote Usage
		Usr 0 00:00:00, Sys 0 00:00:00  -  Run Local Usage
	0  -  Run Bytes Sent By Job
	0  -  Run Bytes Received By Job
	Partitionable Resources :    Usage  Request          
	   Cpus                 :                 1          
	   Disk (KB)            :      225      225          
	   Memory (MB)          :        3        3          
...
001 (1480329.011.000) 12/24 06:14:00 Job executing on host: <128.83.139.189:46671>
...
006 (1480329.011.000) 12/24 06:14:08 Image size of job updated: 1250000
	352  -  MemoryUsage of job (MB)
	360244  -  ResidentSetSize of job (KB)
...
006 (1480329.023.000) 12/24 06:14:35 Image size of job updated: 1401700
	3  -  MemoryUsage of job (MB)
	2656  -  ResidentSetSize of job (KB)
...
005 (1480329.023.000) 12/24 06:14:35 Job terminated.
	(1) Normal termination (return value 0)
		Usr 0 00:01:50, Sys 0 00:00:47  -  Run Remote Usage
		Usr 0 00:00:00, Sys 0 00:00:00  -  Run Local Usage
		Usr 0 00:01:50, Sys 0 00:00:47  -  Total Remote Usage
		Usr 0 00:00:00, Sys 0 00:00:00  -  Total Local Usage
	0  -  Run Bytes Sent By Job
	0  -  Run Bytes Received By Job
	0  -  Total Bytes Sent By Job
	0  -  Total Bytes Received By Job
	Partitionable Resources :    Usage  Request          
	   Cpus                 :                 1          
	   Disk (KB)            :      225      225          
	   Memory (MB)          :        3        3          
...
006 (1480329.030.000) 12/24 06:14:42 Image size of job updated: 943188
	611  -  MemoryUsage of job (MB)
	625424  -  ResidentSetSize of job (KB)
...
005 (1480329.030.000) 12/24 06:14:42 Job terminated.
	(1) Normal termination (return value 0)
		Usr 0 00:01:28, Sys 0 00:00:32  -  Run Remote Usage
		Usr 0 00:00:00, Sys 0 00:00:00  -  Run Local Usage
		Usr 0 00:01:28, Sys 0 00:00:32  -  Total Remote Usage
		Usr 0 00:00:00, Sys 0 00:00:00  -  Total Local Usage
	0  -  Run Bytes Sent By Job
	0  -  Run Bytes Received By Job
	0  -  Total Bytes Sent By Job
	0  -  Total Bytes Received By Job
	Partitionable Resources :    Usage  Request          
	   Cpus                 :                 1          
	   Disk (KB)            :      225      225          
	   Memory (MB)          :      611      611          
...
006 (1480329.041.000) 12/24 06:14:48 Image size of job updated: 1270880
	543  -  MemoryUsage of job (MB)
	555584  -  ResidentSetSize of job (KB)
...
005 (1480329.041.000) 12/24 06:14:48 Job terminated.
	(1) Normal termination (return value 0)
		Usr 0 00:02:14, Sys 0 00:00:47  -  Run Remote Usage
		Usr 0 00:00:00, Sys 0 00:00:00  -  Run Local Usage
		Usr 0 00:02:14, Sys 0 00:00:47  -  Total Remote Usage
		Usr 0 00:00:00, Sys 0 00:00:00  -  Total Local Usage
	0  -  Run Bytes Sent By Job
	0  -  Run Bytes Received By Job
	0  -  Total Bytes Sent By Job
	0  -  Total Bytes Received By Job
	Partitionable Resources :    Usage  Request          
	   Cpus                 :                 1          
	   Disk (KB)            :      225      225          
	   Memory (MB)          :      543      543          
...
006 (1480329.024.000) 12/24 06:15:03 Image size of job updated: 1991772
	3  -  MemoryUsage of job (MB)
	2184  -  ResidentSetSize of job (KB)
...
005 (1480329.024.000) 12/24 06:15:03 Job terminated.
	(1) Normal termination (return value 0)
		Usr 0 00:02:40, Sys 0 00:01:14  -  Run Remote Usage
		Usr 0 00:00:00, Sys 0 00:00:00  -  Run Local Usage
		Usr 0 00:02:40, Sys 0 00:01:14  -  Total Remote Usage
		Usr 0 00:00:00, Sys 0 00:00:00  -  Total Local Usage
	0  -  Run Bytes Sent By Job
	0  -  Run Bytes Received By Job
	0  -  Total Bytes Sent By Job
	0  -  Total Bytes Received By Job
	Partitionable Resources :    Usage  Request          
	   Cpus                 :                 1          
	   Disk (KB)            :      225      225          
	   Memory (MB)          :        3        3          
...
006 (1480329.047.000) 12/24 06:15:06 Image size of job updated: 1139796
	3  -  MemoryUsage of job (MB)
	2660  -  ResidentSetSize of job (KB)
...
004 (1480329.047.000) 12/24 06:15:06 Job was evicted.
	(0) Job was not checkpointed.
		Usr 0 00:01:42, Sys 0 00:00:30  -  Run Remote Usage
		Usr 0 00:00:00, Sys 0 00:00:00  -  Run Local Usage
	0  -  Run Bytes Sent By Job
	0  -  Run Bytes Received By Job
	Partitionable Resources :    Usage  Request          
	   Cpus                 :                 1          
	   Disk (KB)            :      225      225          
	   Memory (MB)          :        3        3          
...
001 (1480329.047.000) 12/24 06:15:10 Job executing on host: <128.83.120.147:34315>
...
006 (1480329.047.000) 12/24 06:15:19 Image size of job updated: 1250000
	215  -  MemoryUsage of job (MB)
	219660  -  ResidentSetSize of job (KB)
...
006 (1480329.034.000) 12/24 06:15:27 Image size of job updated: 1595260
	549  -  MemoryUsage of job (MB)
	562100  -  ResidentSetSize of job (KB)
...
005 (1480329.034.000) 12/24 06:15:27 Job terminated.
	(1) Normal termination (return value 0)
		Usr 0 00:02:18, Sys 0 00:00:52  -  Run Remote Usage
		Usr 0 00:00:00, Sys 0 00:00:00  -  Run Local Usage
		Usr 0 00:02:18, Sys 0 00:00:52  -  Total Remote Usage
		Usr 0 00:00:00, Sys 0 00:00:00  -  Total Local Usage
	0  -  Run Bytes Sent By Job
	0  -  Run Bytes Received By Job
	0  -  Total Bytes Sent By Job
	0  -  Total Bytes Received By Job
	Partitionable Resources :    Usage  Request          
	   Cpus                 :                 1          
	   Disk (KB)            :      225      225          
	   Memory (MB)          :      549      549          
...
006 (1480329.013.000) 12/24 06:15:31 Image size of job updated: 1467480
	7  -  MemoryUsage of job (MB)
	7140  -  ResidentSetSize of job (KB)
...
005 (1480329.013.000) 12/24 06:15:31 Job terminated.
	(1) Normal termination (return value 0)
		Usr 0 00:02:18, Sys 0 00:00:53  -  Run Remote Usage
		Usr 0 00:00:00, Sys 0 00:00:00  -  Run Local Usage
		Usr 0 00:02:18, Sys 0 00:00:53  -  Total Remote Usage
		Usr 0 00:00:00, Sys 0 00:00:00  -  Total Local Usage
	0  -  Run Bytes Sent By Job
	0  -  Run Bytes Received By Job
	0  -  Total Bytes Sent By Job
	0  -  Total Bytes Received By Job
	Partitionable Resources :    Usage  Request          
	   Cpus                 :                 1          
	   Disk (KB)            :      225      225          
	   Memory (MB)          :        7        7          
...
006 (1480329.014.000) 12/24 06:15:36 Image size of job updated: 1598572
	5  -  MemoryUsage of job (MB)
	5028  -  ResidentSetSize of job (KB)
...
005 (1480329.014.000) 12/24 06:15:36 Job terminated.
	(1) Normal termination (return value 0)
		Usr 0 00:02:33, Sys 0 00:00:51  -  Run Remote Usage
		Usr 0 00:00:00, Sys 0 00:00:00  -  Run Local Usage
		Usr 0 00:02:33, Sys 0 00:00:51  -  Total Remote Usage
		Usr 0 00:00:00, Sys 0 00:00:00  -  Total Local Usage
	0  -  Run Bytes Sent By Job
	0  -  Run Bytes Received By Job
	0  -  Total Bytes Sent By Job
	0  -  Total Bytes Received By Job
	Partitionable Resources :    Usage  Request          
	   Cpus                 :                 1          
	   Disk (KB)            :      225      225          
	   Memory (MB)          :        5        5          
...
006 (1480329.017.000) 12/24 06:15:40 Image size of job updated: 1401932
	596  -  MemoryUsage of job (MB)
	609588  -  ResidentSetSize of job (KB)
...
005 (1480329.017.000) 12/24 06:15:40 Job terminated.
	(1) Normal termination (return value 0)
		Usr 0 00:02:29, Sys 0 00:00:54  -  Run Remote Usage
		Usr 0 00:00:00, Sys 0 00:00:00  -  Run Local Usage
		Usr 0 00:02:29, Sys 0 00:00:54  -  Total Remote Usage
		Usr 0 00:00:00, Sys 0 00:00:00  -  Total Local Usage
	0  -  Run Bytes Sent By Job
	0  -  Run Bytes Received By Job
	0  -  Total Bytes Sent By Job
	0  -  Total Bytes Received By Job
	Partitionable Resources :    Usage  Request          
	   Cpus                 :                 1          
	   Disk (KB)            :      225      225          
	   Memory (MB)          :      596      596          
...
006 (1480329.006.000) 12/24 06:15:41 Image size of job updated: 1401928
	3  -  MemoryUsage of job (MB)
	2188  -  ResidentSetSize of job (KB)
...
005 (1480329.006.000) 12/24 06:15:41 Job terminated.
	(1) Normal termination (return value 0)
		Usr 0 00:02:30, Sys 0 00:01:06  -  Run Remote Usage
		Usr 0 00:00:00, Sys 0 00:00:00  -  Run Local Usage
		Usr 0 00:02:30, Sys 0 00:01:06  -  Total Remote Usage
		Usr 0 00:00:00, Sys 0 00:00:00  -  Total Local Usage
	0  -  Run Bytes Sent By Job
	0  -  Run Bytes Received By Job
	0  -  Total Bytes Sent By Job
	0  -  Total Bytes Received By Job
	Partitionable Resources :    Usage  Request          
	   Cpus                 :                 1          
	   Disk (KB)            :      225      225          
	   Memory (MB)          :        3        3          
...
006 (1480329.018.000) 12/24 06:15:42 Image size of job updated: 1467456
	3  -  MemoryUsage of job (MB)
	2656  -  ResidentSetSize of job (KB)
...
005 (1480329.018.000) 12/24 06:15:42 Job terminated.
	(1) Normal termination (return value 0)
		Usr 0 00:02:31, Sys 0 00:00:46  -  Run Remote Usage
		Usr 0 00:00:00, Sys 0 00:00:00  -  Run Local Usage
		Usr 0 00:02:31, Sys 0 00:00:46  -  Total Remote Usage
		Usr 0 00:00:00, Sys 0 00:00:00  -  Total Local Usage
	0  -  Run Bytes Sent By Job
	0  -  Run Bytes Received By Job
	0  -  Total Bytes Sent By Job
	0  -  Total Bytes Received By Job
	Partitionable Resources :    Usage  Request          
	   Cpus                 :                 1          
	   Disk (KB)            :      225      225          
	   Memory (MB)          :        3        3          
...
006 (1480329.031.000) 12/24 06:15:44 Image size of job updated: 1401968
	613  -  MemoryUsage of job (MB)
	627008  -  ResidentSetSize of job (KB)
...
005 (1480329.031.000) 12/24 06:15:44 Job terminated.
	(1) Normal termination (return value 0)
		Usr 0 00:02:22, Sys 0 00:00:57  -  Run Remote Usage
		Usr 0 00:00:00, Sys 0 00:00:00  -  Run Local Usage
		Usr 0 00:02:22, Sys 0 00:00:57  -  Total Remote Usage
		Usr 0 00:00:00, Sys 0 00:00:00  -  Total Local Usage
	0  -  Run Bytes Sent By Job
	0  -  Run Bytes Received By Job
	0  -  Total Bytes Sent By Job
	0  -  Total Bytes Received By Job
	Partitionable Resources :    Usage  Request          
	   Cpus                 :                 1          
	   Disk (KB)            :      225      225          
	   Memory (MB)          :      613      613          
...
006 (1480329.008.000) 12/24 06:15:50 Image size of job updated: 2253884
	3  -  MemoryUsage of job (MB)
	2192  -  ResidentSetSize of job (KB)
...
005 (1480329.008.000) 12/24 06:15:50 Job terminated.
	(1) Normal termination (return value 0)
		Usr 0 00:03:41, Sys 0 00:02:18  -  Run Remote Usage
		Usr 0 00:00:00, Sys 0 00:00:00  -  Run Local Usage
		Usr 0 00:03:41, Sys 0 00:02:18  -  Total Remote Usage
		Usr 0 00:00:00, Sys 0 00:00:00  -  Total Local Usage
	0  -  Run Bytes Sent By Job
	0  -  Run Bytes Received By Job
	0  -  Total Bytes Sent By Job
	0  -  Total Bytes Received By Job
	Partitionable Resources :    Usage  Request          
	   Cpus                 :                 1          
	   Disk (KB)            :      225      225          
	   Memory (MB)          :        3        3          
...
006 (1480329.049.000) 12/24 06:15:51 Image size of job updated: 1336384
	3  -  MemoryUsage of job (MB)
	2196  -  ResidentSetSize of job (KB)
...
005 (1480329.049.000) 12/24 06:15:51 Job terminated.
	(1) Normal termination (return value 0)
		Usr 0 00:02:20, Sys 0 00:00:39  -  Run Remote Usage
		Usr 0 00:00:00, Sys 0 00:00:00  -  Run Local Usage
		Usr 0 00:02:20, Sys 0 00:00:39  -  Total Remote Usage
		Usr 0 00:00:00, Sys 0 00:00:00  -  Total Local Usage
	0  -  Run Bytes Sent By Job
	0  -  Run Bytes Received By Job
	0  -  Total Bytes Sent By Job
	0  -  Total Bytes Received By Job
	Partitionable Resources :    Usage  Request          
	   Cpus                 :                 1          
	   Disk (KB)            :      225      225          
	   Memory (MB)          :        3        3          
...
006 (1480329.043.000) 12/24 06:15:52 Image size of job updated: 1270900
	9  -  MemoryUsage of job (MB)
	8720  -  ResidentSetSize of job (KB)
...
005 (1480329.043.000) 12/24 06:15:52 Job terminated.
	(1) Normal termination (return value 0)
		Usr 0 00:02:13, Sys 0 00:00:43  -  Run Remote Usage
		Usr 0 00:00:00, Sys 0 00:00:00  -  Run Local Usage
		Usr 0 00:02:13, Sys 0 00:00:43  -  Total Remote Usage
		Usr 0 00:00:00, Sys 0 00:00:00  -  Total Local Usage
	0  -  Run Bytes Sent By Job
	0  -  Run Bytes Received By Job
	0  -  Total Bytes Sent By Job
	0  -  Total Bytes Received By Job
	Partitionable Resources :    Usage  Request          
	   Cpus                 :                 1          
	   Disk (KB)            :      225      225          
	   Memory (MB)          :        9        9          
...
006 (1480329.002.000) 12/24 06:15:56 Image size of job updated: 1401936
	329  -  MemoryUsage of job (MB)
	336176  -  ResidentSetSize of job (KB)
...
005 (1480329.002.000) 12/24 06:15:56 Job terminated.
	(1) Normal termination (return value 0)
		Usr 0 00:02:42, Sys 0 00:01:05  -  Run Remote Usage
		Usr 0 00:00:00, Sys 0 00:00:00  -  Run Local Usage
		Usr 0 00:02:42, Sys 0 00:01:05  -  Total Remote Usage
		Usr 0 00:00:00, Sys 0 00:00:00  -  Total Local Usage
	0  -  Run Bytes Sent By Job
	0  -  Run Bytes Received By Job
	0  -  Total Bytes Sent By Job
	0  -  Total Bytes Received By Job
	Partitionable Resources :    Usage  Request          
	   Cpus                 :                 1          
	   Disk (KB)            :      225      225          
	   Memory (MB)          :      329      329          
...
006 (1480329.033.000) 12/24 06:15:56 Image size of job updated: 1795184
	638  -  MemoryUsage of job (MB)
	652880  -  ResidentSetSize of job (KB)
...
005 (1480329.033.000) 12/24 06:15:56 Job terminated.
	(1) Normal termination (return value 0)
		Usr 0 00:03:01, Sys 0 00:01:14  -  Run Remote Usage
		Usr 0 00:00:00, Sys 0 00:00:00  -  Run Local Usage
		Usr 0 00:03:01, Sys 0 00:01:14  -  Total Remote Usage
		Usr 0 00:00:00, Sys 0 00:00:00  -  Total Local Usage
	0  -  Run Bytes Sent By Job
	0  -  Run Bytes Received By Job
	0  -  Total Bytes Sent By Job
	0  -  Total Bytes Received By Job
	Partitionable Resources :    Usage  Request          
	   Cpus                 :                 1          
	   Disk (KB)            :      225      225          
	   Memory (MB)          :      638      638          
...
006 (1480329.001.000) 12/24 06:15:59 Image size of job updated: 1401952
	568  -  MemoryUsage of job (MB)
	581604  -  ResidentSetSize of job (KB)
...
005 (1480329.001.000) 12/24 06:15:59 Job terminated.
	(1) Normal termination (return value 0)
		Usr 0 00:02:26, Sys 0 00:00:43  -  Run Remote Usage
		Usr 0 00:00:00, Sys 0 00:00:00  -  Run Local Usage
		Usr 0 00:02:26, Sys 0 00:00:43  -  Total Remote Usage
		Usr 0 00:00:00, Sys 0 00:00:00  -  Total Local Usage
	0  -  Run Bytes Sent By Job
	0  -  Run Bytes Received By Job
	0  -  Total Bytes Sent By Job
	0  -  Total Bytes Received By Job
	Partitionable Resources :    Usage  Request          
	   Cpus                 :                 1          
	   Disk (KB)            :      225      225          
	   Memory (MB)          :      568      568          
...
006 (1480329.025.000) 12/24 06:15:59 Image size of job updated: 1729608
	3  -  MemoryUsage of job (MB)
	2792  -  ResidentSetSize of job (KB)
...
005 (1480329.025.000) 12/24 06:15:59 Job terminated.
	(1) Normal termination (return value 0)
		Usr 0 00:03:26, Sys 0 00:01:15  -  Run Remote Usage
		Usr 0 00:00:00, Sys 0 00:00:00  -  Run Local Usage
		Usr 0 00:03:26, Sys 0 00:01:15  -  Total Remote Usage
		Usr 0 00:00:00, Sys 0 00:00:00  -  Total Local Usage
	0  -  Run Bytes Sent By Job
	0  -  Run Bytes Received By Job
	0  -  Total Bytes Sent By Job
	0  -  Total Bytes Received By Job
	Partitionable Resources :    Usage  Request          
	   Cpus                 :                 1          
	   Disk (KB)            :      225      225          
	   Memory (MB)          :        3        3          
...
006 (1480329.004.000) 12/24 06:16:01 Image size of job updated: 1533004
	3  -  MemoryUsage of job (MB)
	2188  -  ResidentSetSize of job (KB)
...
005 (1480329.004.000) 12/24 06:16:01 Job terminated.
	(1) Normal termination (return value 0)
		Usr 0 00:02:34, Sys 0 00:00:38  -  Run Remote Usage
		Usr 0 00:00:00, Sys 0 00:00:00  -  Run Local Usage
		Usr 0 00:02:34, Sys 0 00:00:38  -  Total Remote Usage
		Usr 0 00:00:00, Sys 0 00:00:00  -  Total Local Usage
	0  -  Run Bytes Sent By Job
	0  -  Run Bytes Received By Job
	0  -  Total Bytes Sent By Job
	0  -  Total Bytes Received By Job
	Partitionable Resources :    Usage  Request          
	   Cpus                 :                 1          
	   Disk (KB)            :      225      225          
	   Memory (MB)          :        3        3          
...
006 (1480329.042.000) 12/24 06:16:02 Image size of job updated: 2057332
	625  -  MemoryUsage of job (MB)
	639932  -  ResidentSetSize of job (KB)
...
005 (1480329.042.000) 12/24 06:16:02 Job terminated.
	(1) Normal termination (return value 0)
		Usr 0 00:03:24, Sys 0 00:01:11  -  Run Remote Usage
		Usr 0 00:00:00, Sys 0 00:00:00  -  Run Local Usage
		Usr 0 00:03:24, Sys 0 00:01:11  -  Total Remote Usage
		Usr 0 00:00:00, Sys 0 00:00:00  -  Total Local Usage
	0  -  Run Bytes Sent By Job
	0  -  Run Bytes Received By Job
	0  -  Total Bytes Sent By Job
	0  -  Total Bytes Received By Job
	Partitionable Resources :    Usage  Request          
	   Cpus                 :                 1          
	   Disk (KB)            :      225      225          
	   Memory (MB)          :      625      625          
...
006 (1480329.020.000) 12/24 06:16:03 Image size of job updated: 1795152
	556  -  MemoryUsage of job (MB)
	568400  -  ResidentSetSize of job (KB)
...
005 (1480329.020.000) 12/24 06:16:03 Job terminated.
	(1) Normal termination (return value 0)
		Usr 0 00:03:05, Sys 0 00:01:11  -  Run Remote Usage
		Usr 0 00:00:00, Sys 0 00:00:00  -  Run Local Usage
		Usr 0 00:03:05, Sys 0 00:01:11  -  Total Remote Usage
		Usr 0 00:00:00, Sys 0 00:00:00  -  Total Local Usage
	0  -  Run Bytes Sent By Job
	0  -  Run Bytes Received By Job
	0  -  Total Bytes Sent By Job
	0  -  Total Bytes Received By Job
	Partitionable Resources :    Usage  Request          
	   Cpus                 :                 1          
	   Disk (KB)            :      225      225          
	   Memory (MB)          :      556      556          
...
006 (1480329.010.000) 12/24 06:16:07 Image size of job updated: 1598568
	3  -  MemoryUsage of job (MB)
	2192  -  ResidentSetSize of job (KB)
...
005 (1480329.010.000) 12/24 06:16:07 Job terminated.
	(1) Normal termination (return value 0)
		Usr 0 00:03:25, Sys 0 00:01:22  -  Run Remote Usage
		Usr 0 00:00:00, Sys 0 00:00:00  -  Run Local Usage
		Usr 0 00:03:25, Sys 0 00:01:22  -  Total Remote Usage
		Usr 0 00:00:00, Sys 0 00:00:00  -  Total Local Usage
	0  -  Run Bytes Sent By Job
	0  -  Run Bytes Received By Job
	0  -  Total Bytes Sent By Job
	0  -  Total Bytes Received By Job
	Partitionable Resources :    Usage  Request          
	   Cpus                 :                 1          
	   Disk (KB)            :      225      225          
	   Memory (MB)          :        3        3          
...
006 (1480329.000.000) 12/24 06:16:08 Image size of job updated: 1401932
	625  -  MemoryUsage of job (MB)
	639940  -  ResidentSetSize of job (KB)
...
005 (1480329.000.000) 12/24 06:16:08 Job terminated.
	(1) Normal termination (return value 0)
		Usr 0 00:02:43, Sys 0 00:00:46  -  Run Remote Usage
		Usr 0 00:00:00, Sys 0 00:00:00  -  Run Local Usage
		Usr 0 00:02:43, Sys 0 00:00:46  -  Total Remote Usage
		Usr 0 00:00:00, Sys 0 00:00:00  -  Total Local Usage
	0  -  Run Bytes Sent By Job
	0  -  Run Bytes Received By Job
	0  -  Total Bytes Sent By Job
	0  -  Total Bytes Received By Job
	Partitionable Resources :    Usage  Request          
	   Cpus                 :                 1          
	   Disk (KB)            :      225      225          
	   Memory (MB)          :      625      625          
...
006 (1480329.019.000) 12/24 06:16:09 Image size of job updated: 1529748
	528  -  MemoryUsage of job (MB)
	539896  -  ResidentSetSize of job (KB)
...
005 (1480329.019.000) 12/24 06:16:09 Job terminated.
	(1) Normal termination (return value 0)
		Usr 0 00:03:22, Sys 0 00:01:04  -  Run Remote Usage
		Usr 0 00:00:00, Sys 0 00:00:00  -  Run Local Usage
		Usr 0 00:03:22, Sys 0 00:01:04  -  Total Remote Usage
		Usr 0 00:00:00, Sys 0 00:00:00  -  Total Local Usage
	0  -  Run Bytes Sent By Job
	0  -  Run Bytes Received By Job
	0  -  Total Bytes Sent By Job
	0  -  Total Bytes Received By Job
	Partitionable Resources :    Usage  Request          
	   Cpus                 :                 1          
	   Disk (KB)            :      225      225          
	   Memory (MB)          :      528      528          
...
006 (1480329.032.000) 12/24 06:16:10 Image size of job updated: 1533012
	613  -  MemoryUsage of job (MB)
	627012  -  ResidentSetSize of job (KB)
...
005 (1480329.032.000) 12/24 06:16:10 Job terminated.
	(1) Normal termination (return value 0)
		Usr 0 00:02:47, Sys 0 00:01:11  -  Run Remote Usage
		Usr 0 00:00:00, Sys 0 00:00:00  -  Run Local Usage
		Usr 0 00:02:47, Sys 0 00:01:11  -  Total Remote Usage
		Usr 0 00:00:00, Sys 0 00:00:00  -  Total Local Usage
	0  -  Run Bytes Sent By Job
	0  -  Run Bytes Received By Job
	0  -  Total Bytes Sent By Job
	0  -  Total Bytes Received By Job
	Partitionable Resources :    Usage  Request          
	   Cpus                 :                 1          
	   Disk (KB)            :      225      225          
	   Memory (MB)          :      613      613          
...
006 (1480329.009.000) 12/24 06:16:11 Image size of job updated: 2122856
	3  -  MemoryUsage of job (MB)
	2656  -  ResidentSetSize of job (KB)
...
005 (1480329.009.000) 12/24 06:16:11 Job terminated.
	(1) Normal termination (return value 0)
		Usr 0 00:03:34, Sys 0 00:01:38  -  Run Remote Usage
		Usr 0 00:00:00, Sys 0 00:00:00  -  Run Local Usage
		Usr 0 00:03:34, Sys 0 00:01:38  -  Total Remote Usage
		Usr 0 00:00:00, Sys 0 00:00:00  -  Total Local Usage
	0  -  Run Bytes Sent By Job
	0  -  Run Bytes Received By Job
	0  -  Total Bytes Sent By Job
	0  -  Total Bytes Received By Job
	Partitionable Resources :    Usage  Request          
	   Cpus                 :                 1          
	   Disk (KB)            :      225      225          
	   Memory (MB)          :        3        3          
...
006 (1480329.039.000) 12/24 06:16:12 Image size of job updated: 2253720
	486  -  MemoryUsage of job (MB)
	497184  -  ResidentSetSize of job (KB)
...
005 (1480329.039.000) 12/24 06:16:12 Job terminated.
	(1) Normal termination (return value 0)
		Usr 0 00:03:27, Sys 0 00:01:10  -  Run Remote Usage
		Usr 0 00:00:00, Sys 0 00:00:00  -  Run Local Usage
		Usr 0 00:03:27, Sys 0 00:01:10  -  Total Remote Usage
		Usr 0 00:00:00, Sys 0 00:00:00  -  Total Local Usage
	0  -  Run Bytes Sent By Job
	0  -  Run Bytes Received By Job
	0  -  Total Bytes Sent By Job
	0  -  Total Bytes Received By Job
	Partitionable Resources :    Usage  Request          
	   Cpus                 :                 1          
	   Disk (KB)            :      225      225          
	   Memory (MB)          :      486      486          
...
006 (1480329.026.000) 12/24 06:16:12 Image size of job updated: 2581596
	3  -  MemoryUsage of job (MB)
	2816  -  ResidentSetSize of job (KB)
...
005 (1480329.026.000) 12/24 06:16:12 Job terminated.
	(1) Normal termination (return value 0)
		Usr 0 00:03:39, Sys 0 00:01:28  -  Run Remote Usage
		Usr 0 00:00:00, Sys 0 00:00:00  -  Run Local Usage
		Usr 0 00:03:39, Sys 0 00:01:28  -  Total Remote Usage
		Usr 0 00:00:00, Sys 0 00:00:00  -  Total Local Usage
	0  -  Run Bytes Sent By Job
	0  -  Run Bytes Received By Job
	0  -  Total Bytes Sent By Job
	0  -  Total Bytes Received By Job
	Partitionable Resources :    Usage  Request          
	   Cpus                 :                 1          
	   Disk (KB)            :      225      225          
	   Memory (MB)          :        3        3          
...
006 (1480329.028.000) 12/24 06:16:14 Image size of job updated: 1795184
	530  -  MemoryUsage of job (MB)
	542268  -  ResidentSetSize of job (KB)
...
005 (1480329.028.000) 12/24 06:16:14 Job terminated.
	(1) Normal termination (return value 0)
		Usr 0 00:02:45, Sys 0 00:01:09  -  Run Remote Usage
		Usr 0 00:00:00, Sys 0 00:00:00  -  Run Local Usage
		Usr 0 00:02:45, Sys 0 00:01:09  -  Total Remote Usage
		Usr 0 00:00:00, Sys 0 00:00:00  -  Total Local Usage
	0  -  Run Bytes Sent By Job
	0  -  Run Bytes Received By Job
	0  -  Total Bytes Sent By Job
	0  -  Total Bytes Received By Job
	Partitionable Resources :    Usage  Request          
	   Cpus                 :                 1          
	   Disk (KB)            :      225      225          
	   Memory (MB)          :      530      530          
...
006 (1480329.027.000) 12/24 06:16:22 Image size of job updated: 2319908
	3  -  MemoryUsage of job (MB)
	2656  -  ResidentSetSize of job (KB)
...
005 (1480329.027.000) 12/24 06:16:22 Job terminated.
	(1) Normal termination (return value 0)
		Usr 0 00:04:07, Sys 0 00:01:41  -  Run Remote Usage
		Usr 0 00:00:00, Sys 0 00:00:00  -  Run Local Usage
		Usr 0 00:04:07, Sys 0 00:01:41  -  Total Remote Usage
		Usr 0 00:00:00, Sys 0 00:00:00  -  Total Local Usage
	0  -  Run Bytes Sent By Job
	0  -  Run Bytes Received By Job
	0  -  Total Bytes Sent By Job
	0  -  Total Bytes Received By Job
	Partitionable Resources :    Usage  Request          
	   Cpus                 :                 1          
	   Disk (KB)            :      225      225          
	   Memory (MB)          :        3        3          
...
006 (1480329.005.000) 12/24 06:16:25 Image size of job updated: 2516556
	588  -  MemoryUsage of job (MB)
	601468  -  ResidentSetSize of job (KB)
...
005 (1480329.005.000) 12/24 06:16:25 Job terminated.
	(1) Normal termination (return value 0)
		Usr 0 00:04:02, Sys 0 00:02:13  -  Run Remote Usage
		Usr 0 00:00:00, Sys 0 00:00:00  -  Run Local Usage
		Usr 0 00:04:02, Sys 0 00:02:13  -  Total Remote Usage
		Usr 0 00:00:00, Sys 0 00:00:00  -  Total Local Usage
	0  -  Run Bytes Sent By Job
	0  -  Run Bytes Received By Job
	0  -  Total Bytes Sent By Job
	0  -  Total Bytes Received By Job
	Partitionable Resources :    Usage  Request          
	   Cpus                 :                 1          
	   Disk (KB)            :      225      225          
	   Memory (MB)          :      588      588          
...
006 (1480329.038.000) 12/24 06:16:26 Image size of job updated: 1467484
	397  -  MemoryUsage of job (MB)
	405780  -  ResidentSetSize of job (KB)
...
005 (1480329.038.000) 12/24 06:16:26 Job terminated.
	(1) Normal termination (return value 0)
		Usr 0 00:02:51, Sys 0 00:00:43  -  Run Remote Usage
		Usr 0 00:00:00, Sys 0 00:00:00  -  Run Local Usage
		Usr 0 00:02:51, Sys 0 00:00:43  -  Total Remote Usage
		Usr 0 00:00:00, Sys 0 00:00:00  -  Total Local Usage
	0  -  Run Bytes Sent By Job
	0  -  Run Bytes Received By Job
	0  -  Total Bytes Sent By Job
	0  -  Total Bytes Received By Job
	Partitionable Resources :    Usage  Request          
	   Cpus                 :                 1          
	   Disk (KB)            :      225      225          
	   Memory (MB)          :      397      397          
...
006 (1480329.007.000) 12/24 06:16:29 Image size of job updated: 2647112
	3  -  MemoryUsage of job (MB)
	2652  -  ResidentSetSize of job (KB)
...
005 (1480329.007.000) 12/24 06:16:29 Job terminated.
	(1) Normal termination (return value 0)
		Usr 0 00:04:45, Sys 0 00:02:52  -  Run Remote Usage
		Usr 0 00:00:00, Sys 0 00:00:00  -  Run Local Usage
		Usr 0 00:04:45, Sys 0 00:02:52  -  Total Remote Usage
		Usr 0 00:00:00, Sys 0 00:00:00  -  Total Local Usage
	0  -  Run Bytes Sent By Job
	0  -  Run Bytes Received By Job
	0  -  Total Bytes Sent By Job
	0  -  Total Bytes Received By Job
	Partitionable Resources :    Usage  Request          
	   Cpus                 :                 1          
	   Disk (KB)            :      225      225          
	   Memory (MB)          :        3        3          
...
006 (1480329.046.000) 12/24 06:16:30 Image size of job updated: 1402460
	3  -  MemoryUsage of job (MB)
	2192  -  ResidentSetSize of job (KB)
...
005 (1480329.046.000) 12/24 06:16:30 Job terminated.
	(1) Normal termination (return value 0)
		Usr 0 00:02:59, Sys 0 00:00:53  -  Run Remote Usage
		Usr 0 00:00:00, Sys 0 00:00:00  -  Run Local Usage
		Usr 0 00:02:59, Sys 0 00:00:53  -  Total Remote Usage
		Usr 0 00:00:00, Sys 0 00:00:00  -  Total Local Usage
	0  -  Run Bytes Sent By Job
	0  -  Run Bytes Received By Job
	0  -  Total Bytes Sent By Job
	0  -  Total Bytes Received By Job
	Partitionable Resources :    Usage  Request          
	   Cpus                 :                 1          
	   Disk (KB)            :      225      225          
	   Memory (MB)          :        3        3          
...
006 (1480329.012.000) 12/24 06:16:32 Image size of job updated: 2057764
	9  -  MemoryUsage of job (MB)
	8984  -  ResidentSetSize of job (KB)
...
005 (1480329.012.000) 12/24 06:16:32 Job terminated.
	(1) Normal termination (return value 0)
		Usr 0 00:03:16, Sys 0 00:01:29  -  Run Remote Usage
		Usr 0 00:00:00, Sys 0 00:00:00  -  Run Local Usage
		Usr 0 00:03:16, Sys 0 00:01:29  -  Total Remote Usage
		Usr 0 00:00:00, Sys 0 00:00:00  -  Total Local Usage
	0  -  Run Bytes Sent By Job
	0  -  Run Bytes Received By Job
	0  -  Total Bytes Sent By Job
	0  -  Total Bytes Received By Job
	Partitionable Resources :    Usage  Request          
	   Cpus                 :                 1          
	   Disk (KB)            :      225      225          
	   Memory (MB)          :        9        9          
...
006 (1480329.035.000) 12/24 06:16:32 Image size of job updated: 1795668
	493  -  MemoryUsage of job (MB)
	503952  -  ResidentSetSize of job (KB)
...
005 (1480329.035.000) 12/24 06:16:32 Job terminated.
	(1) Normal termination (return value 0)
		Usr 0 00:03:30, Sys 0 00:01:29  -  Run Remote Usage
		Usr 0 00:00:00, Sys 0 00:00:00  -  Run Local Usage
		Usr 0 00:03:30, Sys 0 00:01:29  -  Total Remote Usage
		Usr 0 00:00:00, Sys 0 00:00:00  -  Total Local Usage
	0  -  Run Bytes Sent By Job
	0  -  Run Bytes Received By Job
	0  -  Total Bytes Sent By Job
	0  -  Total Bytes Received By Job
	Partitionable Resources :    Usage  Request          
	   Cpus                 :                 1          
	   Disk (KB)            :      225      225          
	   Memory (MB)          :      493      493          
...
006 (1480329.029.000) 12/24 06:16:33 Image size of job updated: 2451004
	3  -  MemoryUsage of job (MB)
	2188  -  ResidentSetSize of job (KB)
...
005 (1480329.029.000) 12/24 06:16:33 Job terminated.
	(1) Normal termination (return value 0)
		Usr 0 00:03:58, Sys 0 00:01:45  -  Run Remote Usage
		Usr 0 00:00:00, Sys 0 00:00:00  -  Run Local Usage
		Usr 0 00:03:58, Sys 0 00:01:45  -  Total Remote Usage
		Usr 0 00:00:00, Sys 0 00:00:00  -  Total Local Usage
	0  -  Run Bytes Sent By Job
	0  -  Run Bytes Received By Job
	0  -  Total Bytes Sent By Job
	0  -  Total Bytes Received By Job
	Partitionable Resources :    Usage  Request          
	   Cpus                 :                 1          
	   Disk (KB)            :      225      225          
	   Memory (MB)          :        3        3          
...
006 (1480329.044.000) 12/24 06:16:37 Image size of job updated: 1464684
	7  -  MemoryUsage of job (MB)
	6872  -  ResidentSetSize of job (KB)
...
005 (1480329.044.000) 12/24 06:16:38 Job terminated.
	(1) Normal termination (return value 0)
		Usr 0 00:03:07, Sys 0 00:01:04  -  Run Remote Usage
		Usr 0 00:00:00, Sys 0 00:00:00  -  Run Local Usage
		Usr 0 00:03:07, Sys 0 00:01:04  -  Total Remote Usage
		Usr 0 00:00:00, Sys 0 00:00:00  -  Total Local Usage
	0  -  Run Bytes Sent By Job
	0  -  Run Bytes Received By Job
	0  -  Total Bytes Sent By Job
	0  -  Total Bytes Received By Job
	Partitionable Resources :    Usage  Request          
	   Cpus                 :                 1          
	   Disk (KB)            :      225      225          
	   Memory (MB)          :        7        7          
...
006 (1480329.037.000) 12/24 06:16:42 Image size of job updated: 1599064
	390  -  MemoryUsage of job (MB)
	399184  -  ResidentSetSize of job (KB)
...
005 (1480329.037.000) 12/24 06:16:42 Job terminated.
	(1) Normal termination (return value 0)
		Usr 0 00:03:09, Sys 0 00:00:39  -  Run Remote Usage
		Usr 0 00:00:00, Sys 0 00:00:00  -  Run Local Usage
		Usr 0 00:03:09, Sys 0 00:00:39  -  Total Remote Usage
		Usr 0 00:00:00, Sys 0 00:00:00  -  Total Local Usage
	0  -  Run Bytes Sent By Job
	0  -  Run Bytes Received By Job
	0  -  Total Bytes Sent By Job
	0  -  Total Bytes Received By Job
	Partitionable Resources :    Usage  Request          
	   Cpus                 :                 1          
	   Disk (KB)            :      225      225          
	   Memory (MB)          :      390      390          
...
006 (1480329.048.000) 12/24 06:16:48 Image size of job updated: 2057784
	3  -  MemoryUsage of job (MB)
	2656  -  ResidentSetSize of job (KB)
...
005 (1480329.048.000) 12/24 06:16:48 Job terminated.
	(1) Normal termination (return value 0)
		Usr 0 00:03:36, Sys 0 00:01:14  -  Run Remote Usage
		Usr 0 00:00:00, Sys 0 00:00:00  -  Run Local Usage
		Usr 0 00:03:36, Sys 0 00:01:14  -  Total Remote Usage
		Usr 0 00:00:00, Sys 0 00:00:00  -  Total Local Usage
	0  -  Run Bytes Sent By Job
	0  -  Run Bytes Received By Job
	0  -  Total Bytes Sent By Job
	0  -  Total Bytes Received By Job
	Partitionable Resources :    Usage  Request          
	   Cpus                 :                 1          
	   Disk (KB)            :      225      225          
	   Memory (MB)          :        3        3          
...
006 (1480329.040.000) 12/24 06:16:53 Image size of job updated: 2057304
	372  -  MemoryUsage of job (MB)
	380388  -  ResidentSetSize of job (KB)
...
005 (1480329.040.000) 12/24 06:16:53 Job terminated.
	(1) Normal termination (return value 0)
		Usr 0 00:04:05, Sys 0 00:01:30  -  Run Remote Usage
		Usr 0 00:00:00, Sys 0 00:00:00  -  Run Local Usage
		Usr 0 00:04:05, Sys 0 00:01:30  -  Total Remote Usage
		Usr 0 00:00:00, Sys 0 00:00:00  -  Total Local Usage
	0  -  Run Bytes Sent By Job
	0  -  Run Bytes Received By Job
	0  -  Total Bytes Sent By Job
	0  -  Total Bytes Received By Job
	Partitionable Resources :    Usage  Request          
	   Cpus                 :                 1          
	   Disk (KB)            :      225      225          
	   Memory (MB)          :      372      372          
...
006 (1480329.003.000) 12/24 06:16:59 Image size of job updated: 1795676
	3  -  MemoryUsage of job (MB)
	2192  -  ResidentSetSize of job (KB)
...
005 (1480329.003.000) 12/24 06:16:59 Job terminated.
	(1) Normal termination (return value 0)
		Usr 0 00:03:26, Sys 0 00:00:51  -  Run Remote Usage
		Usr 0 00:00:00, Sys 0 00:00:00  -  Run Local Usage
		Usr 0 00:03:26, Sys 0 00:00:51  -  Total Remote Usage
		Usr 0 00:00:00, Sys 0 00:00:00  -  Total Local Usage
	0  -  Run Bytes Sent By Job
	0  -  Run Bytes Received By Job
	0  -  Total Bytes Sent By Job
	0  -  Total Bytes Received By Job
	Partitionable Resources :    Usage  Request          
	   Cpus                 :                 1          
	   Disk (KB)            :      225      225          
	   Memory (MB)          :        3        3          
...
006 (1480329.015.000) 12/24 06:17:07 Image size of job updated: 2844236
	3  -  MemoryUsage of job (MB)
	2660  -  ResidentSetSize of job (KB)
...
005 (1480329.015.000) 12/24 06:17:07 Job terminated.
	(1) Normal termination (return value 0)
		Usr 0 00:04:31, Sys 0 00:02:00  -  Run Remote Usage
		Usr 0 00:00:00, Sys 0 00:00:00  -  Run Local Usage
		Usr 0 00:04:31, Sys 0 00:02:00  -  Total Remote Usage
		Usr 0 00:00:00, Sys 0 00:00:00  -  Total Local Usage
	0  -  Run Bytes Sent By Job
	0  -  Run Bytes Received By Job
	0  -  Total Bytes Sent By Job
	0  -  Total Bytes Received By Job
	Partitionable Resources :    Usage  Request          
	   Cpus                 :                 1          
	   Disk (KB)            :      225      225          
	   Memory (MB)          :        3        3          
...
006 (1480329.036.000) 12/24 06:17:09 Image size of job updated: 2516488
	632  -  MemoryUsage of job (MB)
	646540  -  ResidentSetSize of job (KB)
...
005 (1480329.036.000) 12/24 06:17:09 Job terminated.
	(1) Normal termination (return value 0)
		Usr 0 00:04:11, Sys 0 00:02:09  -  Run Remote Usage
		Usr 0 00:00:00, Sys 0 00:00:00  -  Run Local Usage
		Usr 0 00:04:11, Sys 0 00:02:09  -  Total Remote Usage
		Usr 0 00:00:00, Sys 0 00:00:00  -  Total Local Usage
	0  -  Run Bytes Sent By Job
	0  -  Run Bytes Received By Job
	0  -  Total Bytes Sent By Job
	0  -  Total Bytes Received By Job
	Partitionable Resources :    Usage  Request          
	   Cpus                 :                 1          
	   Disk (KB)            :      225      225          
	   Memory (MB)          :      632      632          
...
006 (1480329.011.000) 12/24 06:17:11 Image size of job updated: 2516032
	352  -  MemoryUsage of job (MB)
	360244  -  ResidentSetSize of job (KB)
...
005 (1480329.011.000) 12/24 06:17:11 Job terminated.
	(1) Normal termination (return value 0)
		Usr 0 00:03:44, Sys 0 00:02:08  -  Run Remote Usage
		Usr 0 00:00:00, Sys 0 00:00:00  -  Run Local Usage
		Usr 0 00:03:44, Sys 0 00:02:08  -  Total Remote Usage
		Usr 0 00:00:00, Sys 0 00:00:00  -  Total Local Usage
	0  -  Run Bytes Sent By Job
	0  -  Run Bytes Received By Job
	0  -  Total Bytes Sent By Job
	0  -  Total Bytes Received By Job
	Partitionable Resources :    Usage  Request          
	   Cpus                 :                 1          
	   Disk (KB)            :      225      225          
	   Memory (MB)          :      352      352          
...
006 (1480329.045.000) 12/24 06:17:26 Image size of job updated: 2123328
	3  -  MemoryUsage of job (MB)
	2656  -  ResidentSetSize of job (KB)
...
005 (1480329.045.000) 12/24 06:17:26 Job terminated.
	(1) Normal termination (return value 0)
		Usr 0 00:04:11, Sys 0 00:01:42  -  Run Remote Usage
		Usr 0 00:00:00, Sys 0 00:00:00  -  Run Local Usage
		Usr 0 00:04:11, Sys 0 00:01:42  -  Total Remote Usage
		Usr 0 00:00:00, Sys 0 00:00:00  -  Total Local Usage
	0  -  Run Bytes Sent By Job
	0  -  Run Bytes Received By Job
	0  -  Total Bytes Sent By Job
	0  -  Total Bytes Received By Job
	Partitionable Resources :    Usage  Request          
	   Cpus                 :                 1          
	   Disk (KB)            :      225      225          
	   Memory (MB)          :        3        3          
...
006 (1480329.022.000) 12/24 06:17:33 Image size of job updated: 3040804
	3  -  MemoryUsage of job (MB)
	2656  -  ResidentSetSize of job (KB)
...
005 (1480329.022.000) 12/24 06:17:33 Job terminated.
	(1) Normal termination (return value 0)
		Usr 0 00:05:28, Sys 0 00:03:02  -  Run Remote Usage
		Usr 0 00:00:00, Sys 0 00:00:00  -  Run Local Usage
		Usr 0 00:05:28, Sys 0 00:03:02  -  Total Remote Usage
		Usr 0 00:00:00, Sys 0 00:00:00  -  Total Local Usage
	0  -  Run Bytes Sent By Job
	0  -  Run Bytes Received By Job
	0  -  Total Bytes Sent By Job
	0  -  Total Bytes Received By Job
	Partitionable Resources :    Usage  Request          
	   Cpus                 :                 1          
	   Disk (KB)            :      225      225          
	   Memory (MB)          :        3        3          
...
006 (1480329.021.000) 12/24 06:17:44 Image size of job updated: 2844232
	581  -  MemoryUsage of job (MB)
	594276  -  ResidentSetSize of job (KB)
...
005 (1480329.021.000) 12/24 06:17:44 Job terminated.
	(1) Normal termination (return value 0)
		Usr 0 00:04:53, Sys 0 00:02:19  -  Run Remote Usage
		Usr 0 00:00:00, Sys 0 00:00:00  -  Run Local Usage
		Usr 0 00:04:53, Sys 0 00:02:19  -  Total Remote Usage
		Usr 0 00:00:00, Sys 0 00:00:00  -  Total Local Usage
	0  -  Run Bytes Sent By Job
	0  -  Run Bytes Received By Job
	0  -  Total Bytes Sent By Job
	0  -  Total Bytes Received By Job
	Partitionable Resources :    Usage  Request          
	   Cpus                 :                 1          
	   Disk (KB)            :      225      225          
	   Memory (MB)          :      581      581          
...
006 (1480329.016.000) 12/24 06:17:48 Image size of job updated: 2975312
	2796  -  MemoryUsage of job (MB)
	2862160  -  ResidentSetSize of job (KB)
...
006 (1480329.016.000) 12/24 06:17:54 Image size of job updated: 3106384
	2796  -  MemoryUsage of job (MB)
	2862160  -  ResidentSetSize of job (KB)
...
005 (1480329.016.000) 12/24 06:17:54 Job terminated.
	(1) Normal termination (return value 0)
		Usr 0 00:05:05, Sys 0 00:02:29  -  Run Remote Usage
		Usr 0 00:00:00, Sys 0 00:00:00  -  Run Local Usage
		Usr 0 00:05:05, Sys 0 00:02:29  -  Total Remote Usage
		Usr 0 00:00:00, Sys 0 00:00:00  -  Total Local Usage
	0  -  Run Bytes Sent By Job
	0  -  Run Bytes Received By Job
	0  -  Total Bytes Sent By Job
	0  -  Total Bytes Received By Job
	Partitionable Resources :    Usage  Request          
	   Cpus                 :                 1          
	   Disk (KB)            :      225      225          
	   Memory (MB)          :     2796     2796          
...
006 (1480329.047.000) 12/24 06:18:43 Image size of job updated: 1991788
	215  -  MemoryUsage of job (MB)
	219660  -  ResidentSetSize of job (KB)
...
005 (1480329.047.000) 12/24 06:18:43 Job terminated.
	(1) Normal termination (return value 0)
		Usr 0 00:03:56, Sys 0 00:02:21  -  Run Remote Usage
		Usr 0 00:00:00, Sys 0 00:00:00  -  Run Local Usage
		Usr 0 00:03:56, Sys 0 00:02:21  -  Total Remote Usage
		Usr 0 00:00:00, Sys 0 00:00:00  -  Total Local Usage
	0  -  Run Bytes Sent By Job
	0  -  Run Bytes Received By Job
	0  -  Total Bytes Sent By Job
	0  -  Total Bytes Received By Job
	Partitionable Resources :    Usage  Request          
	   Cpus                 :                 1          
	   Disk (KB)            :      225      225          
	   Memory (MB)          :      215      215          
...
